2021-10-21 22:33:33 <ipfshttpclient.client.base.ResponseBase: {'Name': 'model.pt', 'Hash': 'QmNq4yxMAurf8m7KKj89Hccs2MRpJakZkweZxan2trMnN5', 'Size': '130024'}>
2021-10-21 22:35:32 <ipfshttpclient.client.base.ResponseBase: {'Name': 'model.pt', 'Hash': 'QmZxwhWCExzanZ9SZb1NTkpgm8mTieNyrfCcv7WPWozyHj', 'Size': '130024'}>
2021-10-21 22:37:32 <ipfshttpclient.client.base.ResponseBase: {'Name': 'model.pt', 'Hash': 'QmSGdA4HbB6U4GfsXJ4AqPgdSpcbQ3FC4S8KX2cAvXJJrd', 'Size': '130024'}>
2021-10-21 22:39:32 <ipfshttpclient.client.base.ResponseBase: {'Name': 'model.pt', 'Hash': 'QmNdCRhJ3dGCtbH5Cn7SmAmQC8CeahWX8yA8stXqrPxemK', 'Size': '130024'}>
2021-10-21 22:41:30 <ipfshttpclient.client.base.ResponseBase: {'Name': 'model.pt', 'Hash': 'QmYMhPs97rntwYTL1CN7KMgFyGwphdJVPuencR9FKofuWM', 'Size': '130024'}>
2021-10-21 22:43:30 <ipfshttpclient.client.base.ResponseBase: {'Name': 'model.pt', 'Hash': 'Qme7HppBTsMtMoeQ5EjqeoMtQNdfwGFGk32viNaCkiKyd1', 'Size': '130024'}>
2021-10-21 22:45:26 <ipfshttpclient.client.base.ResponseBase: {'Name': 'model.pt', 'Hash': 'QmYDvc4HkXQcqft1dbKyq93RXbZCsKqLzLWTaUW2pFW4H4', 'Size': '130024'}>
2021-10-21 22:47:23 <ipfshttpclient.client.base.ResponseBase: {'Name': 'model.pt', 'Hash': 'QmQSBMFwru4BFGYbaZDm6rvYS1fTemt7eGkgajrhKQantY', 'Size': '130024'}>
2021-10-21 22:49:20 <ipfshttpclient.client.base.ResponseBase: {'Name': 'model.pt', 'Hash': 'QmS3RULUFkJYxGbx9RcvSkEbeoTSkwqTcLYXnockoP83Ya', 'Size': '130024'}>
2021-10-21 22:51:17 <ipfshttpclient.client.base.ResponseBase: {'Name': 'model.pt', 'Hash': 'QmT9BgmBPMHK5nhsaUC3UZcB1cTvTkxFAxD4RNrSs8gDdA', 'Size': '130024'}>
2021-10-21 22:53:13 <ipfshttpclient.client.base.ResponseBase: {'Name': 'model.pt', 'Hash': 'QmeGcSnQyR7v7ahfS9jVyN3HTHYpgLxvQ4CrUHZvogjoTF', 'Size': '130024'}>
2021-10-21 22:55:12 <ipfshttpclient.client.base.ResponseBase: {'Name': 'model.pt', 'Hash': 'QmcnGmGvobVcaHobsEAFsNVyCwkFbups1wiZ4heM1Qorpn', 'Size': '130024'}>
2021-10-21 22:57:08 <ipfshttpclient.client.base.ResponseBase: {'Name': 'model.pt', 'Hash': 'QmVP8geFMhjZJ9sfZxa6XBL4iagGntAXs9z9ZLM5Hb6y3C', 'Size': '130024'}>
2021-10-21 22:59:06 <ipfshttpclient.client.base.ResponseBase: {'Name': 'model.pt', 'Hash': 'QmTQcGHc3xZxVFikWSYc94y4Lnt6QXzna9sYp3L2N71YiR', 'Size': '130024'}>
2021-10-21 23:01:02 <ipfshttpclient.client.base.ResponseBase: {'Name': 'model.pt', 'Hash': 'QmSiTSn124ojpb5aEQznodu9MdW6aP7YxREa1ysGGg4Ms7', 'Size': '130024'}>
2021-10-21 23:02:59 <ipfshttpclient.client.base.ResponseBase: {'Name': 'model.pt', 'Hash': 'QmQiTQiBWeL6GJHSKDWFZsB6ojQvJabSzpgmmyGjYMcunK', 'Size': '130024'}>
2021-10-21 23:04:59 <ipfshttpclient.client.base.ResponseBase: {'Name': 'model.pt', 'Hash': 'QmZomjNprE67hPhcwKrbP7VQRadi9hEYgoJ2dTkT72We18', 'Size': '130024'}>
2021-10-21 23:06:56 <ipfshttpclient.client.base.ResponseBase: {'Name': 'model.pt', 'Hash': 'QmXgJ2HvEsxm6rQzKdxSiPFbHUHjZkJVGHxhg6SLeXkYEk', 'Size': '130024'}>
2021-10-21 23:08:55 <ipfshttpclient.client.base.ResponseBase: {'Name': 'model.pt', 'Hash': 'QmPmyERwAmD1LX2QduXuPFKW8hoiC1pnYPoEvVWuZbMcHX', 'Size': '130024'}>
2021-10-21 23:10:52 <ipfshttpclient.client.base.ResponseBase: {'Name': 'model.pt', 'Hash': 'QmNg5y2vek8LYGgzXRBPWvuNGCvDkQbQftdTgA9UKfTJo3', 'Size': '130024'}>
2021-10-21 23:12:51 <ipfshttpclient.client.base.ResponseBase: {'Name': 'model.pt', 'Hash': 'QmPo3rzK4rTbZGdq9yjNLHMmXM2jzKMMmuRBTCC51H5aRe', 'Size': '130024'}>
2021-10-21 23:14:50 <ipfshttpclient.client.base.ResponseBase: {'Name': 'model.pt', 'Hash': 'QmRDJoRU8RPjaNLQLVGNpJGjCZoKqVQqYsLWK24PZgENfk', 'Size': '130024'}>
2021-10-21 23:16:49 <ipfshttpclient.client.base.ResponseBase: {'Name': 'model.pt', 'Hash': 'QmUVvZaw8pNnKayYQjqVuMcayhDfGQvgwPUd4Q5net4yeB', 'Size': '130024'}>
2021-10-21 23:18:47 <ipfshttpclient.client.base.ResponseBase: {'Name': 'model.pt', 'Hash': 'QmfD6XBRRuZZGXJZq92DXFt7Wp4SmKyEAw6K2NBEDChYwQ', 'Size': '130024'}>
2021-10-21 23:20:43 <ipfshttpclient.client.base.ResponseBase: {'Name': 'model.pt', 'Hash': 'QmTAthLfg9f6TNZeGkGGPWFnryhwXEMHTFq2KqeHSAXQ7m', 'Size': '130024'}>
2021-10-21 23:22:40 <ipfshttpclient.client.base.ResponseBase: {'Name': 'model.pt', 'Hash': 'QmbZcVd6ggHFhhg97C42H8fFxyvJVqqu2W27SLU3Gz8pMx', 'Size': '130024'}>
2021-10-21 23:24:38 <ipfshttpclient.client.base.ResponseBase: {'Name': 'model.pt', 'Hash': 'QmcLRATVW517x2aHxZUjKDUVmSbmcg7JVaPvP5cgsjnxEb', 'Size': '130024'}>
2021-10-21 23:26:35 <ipfshttpclient.client.base.ResponseBase: {'Name': 'model.pt', 'Hash': 'Qmchbvttv4vaJN8aUj1YHK8okL6UZ6Df9MdXMkXhtrDu3j', 'Size': '130024'}>
2021-10-21 23:28:35 <ipfshttpclient.client.base.ResponseBase: {'Name': 'model.pt', 'Hash': 'Qmej7HnFxQXNYpnzJP8Gia6awKtzTogk6XgudqU7QRG8MS', 'Size': '130024'}>
2021-10-21 23:30:31 <ipfshttpclient.client.base.ResponseBase: {'Name': 'model.pt', 'Hash': 'QmfRbPrHi8YFL7nvmVCtPVe2fMVaRiaBjsreHqhuNnVZ76', 'Size': '130024'}>
2021-10-21 23:32:28 <ipfshttpclient.client.base.ResponseBase: {'Name': 'model.pt', 'Hash': 'QmPgrKZuBm2xCsSRaJemE1X6pujxxJWVn2434LTmWjkcQN', 'Size': '130024'}>
2021-10-21 23:34:25 <ipfshttpclient.client.base.ResponseBase: {'Name': 'model.pt', 'Hash': 'QmX8AbUC3gGxisbFgHpNfkT9DUhsHJt7pj8SXdzao9uLz9', 'Size': '130024'}>
2021-10-21 23:36:19 <ipfshttpclient.client.base.ResponseBase: {'Name': 'model.pt', 'Hash': 'QmageMzHR6J8puKeeFDdguZbR9ByYsjYQmmLwjF57RaJnn', 'Size': '130024'}>
2021-10-21 23:38:16 <ipfshttpclient.client.base.ResponseBase: {'Name': 'model.pt', 'Hash': 'QmTd6473k9FkNeU6Eeg2GJccRatyNVrtdQR6DsQn6462rt', 'Size': '130024'}>
2021-10-21 23:40:11 <ipfshttpclient.client.base.ResponseBase: {'Name': 'model.pt', 'Hash': 'QmeirS23LKj9KijAARsJnzWrPQLJy5RJTwqYeL3mJEFaKM', 'Size': '130024'}>
2021-10-21 23:42:08 <ipfshttpclient.client.base.ResponseBase: {'Name': 'model.pt', 'Hash': 'QmXGLeQ5QXpD189vGsT3hj82J1t6pLcuZPMVC5g5gMLrjg', 'Size': '130024'}>
2021-10-21 23:44:08 <ipfshttpclient.client.base.ResponseBase: {'Name': 'model.pt', 'Hash': 'QmcMWKEgzjuHnjuyqa8bshvwe1LHuLj9xTeHKiv27giW4R', 'Size': '130024'}>
2021-10-21 23:46:06 <ipfshttpclient.client.base.ResponseBase: {'Name': 'model.pt', 'Hash': 'QmWvymbMWsV5GHrhrioQ6YaSdYTd4y5rvbDG8VkuVEqu2p', 'Size': '130024'}>
2021-10-21 23:48:05 <ipfshttpclient.client.base.ResponseBase: {'Name': 'model.pt', 'Hash': 'QmNc4xSVY5cFoadDqeRR566fw7TUsoHSKdzQBRKgmiK5v5', 'Size': '130024'}>
2021-10-21 23:50:02 <ipfshttpclient.client.base.ResponseBase: {'Name': 'model.pt', 'Hash': 'QmdwaLgDntfyHtocHNoGeUkCZinexypr6FNi6huvu9fUWb', 'Size': '130024'}>
2021-10-21 23:51:59 <ipfshttpclient.client.base.ResponseBase: {'Name': 'model.pt', 'Hash': 'QmXhQXMm1pNHDBj3UAPtRVuPfYzCxGpr2S3epQ4LQGonj6', 'Size': '130024'}>
2021-10-21 23:53:58 <ipfshttpclient.client.base.ResponseBase: {'Name': 'model.pt', 'Hash': 'QmT1XuGw2Wp2JBwGEJYaymiiVpaAf8jWu1ZKBpR6s9g8Du', 'Size': '130024'}>
2021-10-21 23:55:55 <ipfshttpclient.client.base.ResponseBase: {'Name': 'model.pt', 'Hash': 'QmYZwnZ1SEsCu9oo4B4F5s9JQvrT1K36v9f2tESfkf4nET', 'Size': '130024'}>
2021-10-21 23:57:51 <ipfshttpclient.client.base.ResponseBase: {'Name': 'model.pt', 'Hash': 'QmVn96KDe3V8HwHSmwN8kLUmcxmZYyX5EezmMi5rJNeS3j', 'Size': '130024'}>
2021-10-21 23:59:50 <ipfshttpclient.client.base.ResponseBase: {'Name': 'model.pt', 'Hash': 'Qmd6MG1iYPkavqagbrLcnzUSfpLE5mtEub1GVLUo5HyAAP', 'Size': '130024'}>
2021-10-22 00:01:50 <ipfshttpclient.client.base.ResponseBase: {'Name': 'model.pt', 'Hash': 'QmcU7iRisxvPBN8UTdmCfLDditE8vMWktnFhUaGrR1WFi2', 'Size': '130024'}>
2021-10-22 00:03:48 <ipfshttpclient.client.base.ResponseBase: {'Name': 'model.pt', 'Hash': 'QmQNEomLydyt65KMALZTh7fkaZak48va3BXxL54eLKrkeh', 'Size': '130024'}>
2021-10-22 00:05:46 <ipfshttpclient.client.base.ResponseBase: {'Name': 'model.pt', 'Hash': 'QmcKPov4XfgxtmaCeMcc42ZMCPME3jfVRKZX2cWJQTqRTe', 'Size': '130024'}>
2021-10-22 00:07:42 <ipfshttpclient.client.base.ResponseBase: {'Name': 'model.pt', 'Hash': 'QmTDcrT4GK9Yn86J5wN7uBwSmFdR21UfwYFd3tA9hWk8H5', 'Size': '130024'}>
2021-10-22 00:09:42 <ipfshttpclient.client.base.ResponseBase: {'Name': 'model.pt', 'Hash': 'QmX7pP8u4k1hGXHGwMSTMSyuVpQLFds9APdDbV2Pi4oqf2', 'Size': '130024'}>
2021-10-22 00:11:38 <ipfshttpclient.client.base.ResponseBase: {'Name': 'model.pt', 'Hash': 'QmTLJ17CWa3V52LeyeaMofbdJbUCZmXxdP3AThgHwZWTPi', 'Size': '130024'}>
2021-10-22 00:13:38 <ipfshttpclient.client.base.ResponseBase: {'Name': 'model.pt', 'Hash': 'QmTdqDqj1b6rEudMFGMYMaYLKxcuqwa33FiVL4rR7hoiZH', 'Size': '130024'}>
2021-10-22 00:15:37 <ipfshttpclient.client.base.ResponseBase: {'Name': 'model.pt', 'Hash': 'QmNWVb4xsv73APq8JNRBCCwremtB1Xu8ZJkCgs2Fc5qZWF', 'Size': '130024'}>
2021-10-22 00:17:36 <ipfshttpclient.client.base.ResponseBase: {'Name': 'model.pt', 'Hash': 'QmP2qyXY98SkRa3HjkvHqyPbcdNvJGxER3b4XJg4t3dj86', 'Size': '130024'}>
2021-10-22 00:19:30 <ipfshttpclient.client.base.ResponseBase: {'Name': 'model.pt', 'Hash': 'QmNWHYHEULKxN6wQ6Y8FmkLJHanb3CnR5b5WXhcgkRV5Lz', 'Size': '130024'}>
2021-10-22 00:21:24 <ipfshttpclient.client.base.ResponseBase: {'Name': 'model.pt', 'Hash': 'QmQaR7W7xvcnti6GEQ5srqzf6sYBm5QSqptan6X5pJfEoF', 'Size': '130024'}>
2021-10-22 00:23:25 <ipfshttpclient.client.base.ResponseBase: {'Name': 'model.pt', 'Hash': 'QmV7yBQZ3ZKB2ZuWxm6aKJyPkaBfsEiLtPnkEuCTBJUYiF', 'Size': '130024'}>
2021-10-22 00:25:25 <ipfshttpclient.client.base.ResponseBase: {'Name': 'model.pt', 'Hash': 'QmSLnf26jabAXfsvis9xkTkyw22cw12VMtdzF5htB6q42D', 'Size': '130024'}>
2021-10-22 00:27:25 <ipfshttpclient.client.base.ResponseBase: {'Name': 'model.pt', 'Hash': 'QmcodEEv314shLKAyjDNdjYMVRKMaPyzyNtawP4bvNreyW', 'Size': '130024'}>
2021-10-22 00:29:17 <ipfshttpclient.client.base.ResponseBase: {'Name': 'model.pt', 'Hash': 'QmProPP7xpiAZtPMhMs7A5sKbGHoSrbT15V79f67ooJVq5', 'Size': '130024'}>
2021-10-22 00:31:13 <ipfshttpclient.client.base.ResponseBase: {'Name': 'model.pt', 'Hash': 'QmY3rdzVzKViCVUkSWCFmAV37WcSwSBPu2MWGWZCfHDrwh', 'Size': '130024'}>
2021-10-22 00:33:10 <ipfshttpclient.client.base.ResponseBase: {'Name': 'model.pt', 'Hash': 'QmeLyWHVhdu2ccrabQahMZta7HCc265AUEukHV7C2AsH5H', 'Size': '130024'}>
2021-10-22 00:35:08 <ipfshttpclient.client.base.ResponseBase: {'Name': 'model.pt', 'Hash': 'QmTM6i37kqx3PN2n2KnjTqWoBR7BkBF9ZooUWTXDVhnLzL', 'Size': '130024'}>
2021-10-22 00:37:05 <ipfshttpclient.client.base.ResponseBase: {'Name': 'model.pt', 'Hash': 'QmSoUwwxrCU9RdtvWqYSg6rizE3buo6fuHPBFYvU6RTaWL', 'Size': '130024'}>
2021-10-22 00:38:59 <ipfshttpclient.client.base.ResponseBase: {'Name': 'model.pt', 'Hash': 'QmVfAyZHL8BuR1qQ1ucMpLzMbqQjcJk6D8aX1r3hhApP4p', 'Size': '130024'}>
2021-10-22 00:40:57 <ipfshttpclient.client.base.ResponseBase: {'Name': 'model.pt', 'Hash': 'QmVN7RbMeCPn62RfMSWScgZMhuLxrQ5e6n1BknKiqyM4Aw', 'Size': '130024'}>
2021-10-22 00:42:53 <ipfshttpclient.client.base.ResponseBase: {'Name': 'model.pt', 'Hash': 'QmZR998EKVDQeuTY9uswDLHPdok1wgA42KBWn2xpWaswcm', 'Size': '130024'}>
2021-10-22 00:44:52 <ipfshttpclient.client.base.ResponseBase: {'Name': 'model.pt', 'Hash': 'QmaEWAgFkQvU9a8jZ3d9b6Mnou8xUMtvPAhQcFKa5SuHCZ', 'Size': '130024'}>
2021-10-22 00:46:50 <ipfshttpclient.client.base.ResponseBase: {'Name': 'model.pt', 'Hash': 'QmTPgx4xqwzzHMrc2wJ1tA8KLmMFyh9RwGv7Zw5TyasejZ', 'Size': '130024'}>
2021-10-22 00:48:51 <ipfshttpclient.client.base.ResponseBase: {'Name': 'model.pt', 'Hash': 'QmPx5KCLkHwCjJmxkSkYGbM35PK1q1uFwqABwH5gf5znit', 'Size': '130024'}>
2021-10-22 00:50:53 <ipfshttpclient.client.base.ResponseBase: {'Name': 'model.pt', 'Hash': 'QmfYzU3EQ63ut6wgYGGMpTv5UwLebLRpdVCfgJ646iDTC9', 'Size': '130024'}>
2021-10-22 00:52:47 <ipfshttpclient.client.base.ResponseBase: {'Name': 'model.pt', 'Hash': 'QmWaa2yu6QqFPnK16D2Dtp8ePiZEv9sa9XY2fUJo4sZzZD', 'Size': '130024'}>
2021-10-22 00:54:47 <ipfshttpclient.client.base.ResponseBase: {'Name': 'model.pt', 'Hash': 'Qmb9LeJbf2NhgDzwKXbvBvTCAoVfWppnxW6vN1bR8Y5nV9', 'Size': '130024'}>
2021-10-22 00:56:43 <ipfshttpclient.client.base.ResponseBase: {'Name': 'model.pt', 'Hash': 'QmSxJ4KgrbxWHtFdGUXT2YYAtGmFJWNbEHaP56T4JbB5GF', 'Size': '130024'}>
2021-10-22 00:58:36 <ipfshttpclient.client.base.ResponseBase: {'Name': 'model.pt', 'Hash': 'QmPTDLQXbt7j5B6yCQzubt85Rhgs3MxBBc7WVrKyKMJdXV', 'Size': '130024'}>
2021-10-22 01:00:31 <ipfshttpclient.client.base.ResponseBase: {'Name': 'model.pt', 'Hash': 'QmUtrxeuZLvwYt3S26LNioDbT3sQTaSd1BKoSsTCNTednX', 'Size': '130024'}>
2021-10-22 01:02:29 <ipfshttpclient.client.base.ResponseBase: {'Name': 'model.pt', 'Hash': 'QmXXj6RDLTo3CNQTrjViziRigvLiXAfNA8eNzaYWCC17kq', 'Size': '130024'}>
2021-10-22 01:04:29 <ipfshttpclient.client.base.ResponseBase: {'Name': 'model.pt', 'Hash': 'QmXZYF5awpBCtbJTGnryx3C9sjhfg9xRH27ejY3Y3WGTaC', 'Size': '130024'}>
2021-10-22 01:06:25 <ipfshttpclient.client.base.ResponseBase: {'Name': 'model.pt', 'Hash': 'QmTeGHWX5E1xqQg2XAZh4qtwtWdAN9R6PEgS1arLZGDNcT', 'Size': '130024'}>
2021-10-22 01:08:22 <ipfshttpclient.client.base.ResponseBase: {'Name': 'model.pt', 'Hash': 'QmV9QMv3jL1cyZSJWc9CdQ5Nnke693APS2T5wsgf6UHo8v', 'Size': '130024'}>
2021-10-22 01:10:17 <ipfshttpclient.client.base.ResponseBase: {'Name': 'model.pt', 'Hash': 'QmZDoak81cPQ3jvfdLDWkdZY8MGfG9NtSsBEMjtBHRXkFs', 'Size': '130024'}>
2021-10-22 01:12:16 <ipfshttpclient.client.base.ResponseBase: {'Name': 'model.pt', 'Hash': 'QmPaEZA5AVSpHhwSw66VHp7bY8kQ4BvNvXiEoCTN8hcGcm', 'Size': '130024'}>
2021-10-22 01:14:14 <ipfshttpclient.client.base.ResponseBase: {'Name': 'model.pt', 'Hash': 'QmY8tzAWrQqAaS8EMUyw8sg151geJhDSupBHUjF7cKWcsK', 'Size': '130024'}>
2021-10-22 01:16:10 <ipfshttpclient.client.base.ResponseBase: {'Name': 'model.pt', 'Hash': 'QmPuXtHfZTXjk8XaCuDNyN5YsS4x8Z8cw5oBNHMfnzfqgU', 'Size': '130024'}>
2021-10-22 01:18:07 <ipfshttpclient.client.base.ResponseBase: {'Name': 'model.pt', 'Hash': 'QmeEKJDYUFMxuXXtJyiD79pGj8n39vdmu2AEZJGifFG6xd', 'Size': '130024'}>
2021-10-22 01:20:01 <ipfshttpclient.client.base.ResponseBase: {'Name': 'model.pt', 'Hash': 'QmVqUzwzFxtFMQCPvVUi6uQAtAgtggkoHMnQiKDqXJ7SZh', 'Size': '130024'}>
2021-10-22 01:21:57 <ipfshttpclient.client.base.ResponseBase: {'Name': 'model.pt', 'Hash': 'QmestNbNNQVXNn8cTjEP8pvMDQwuoh66xAKDQw79Wco8Mv', 'Size': '130024'}>
2021-10-22 01:23:55 <ipfshttpclient.client.base.ResponseBase: {'Name': 'model.pt', 'Hash': 'QmVZNKwUVEMDuLWg5tq6D2onS8y4uhsKjyYySfk8oaH9db', 'Size': '130024'}>
2021-10-22 01:25:52 <ipfshttpclient.client.base.ResponseBase: {'Name': 'model.pt', 'Hash': 'QmWuHDMptCYRSTjws6XW98nRMMeuAFoTxFmDFrkPoAcBdH', 'Size': '130024'}>
2021-10-22 01:27:50 <ipfshttpclient.client.base.ResponseBase: {'Name': 'model.pt', 'Hash': 'QmWZxtfSyNgXFRrd6sp8WLi3S5kGVBTfo5GKHcqtyDGW5j', 'Size': '130024'}>
2021-10-22 01:29:48 <ipfshttpclient.client.base.ResponseBase: {'Name': 'model.pt', 'Hash': 'QmVzS92h6ujZYzuEbyCTgFjpiR3RKhJkdqvmDMK2oCiQWJ', 'Size': '130024'}>
2021-10-22 01:31:47 <ipfshttpclient.client.base.ResponseBase: {'Name': 'model.pt', 'Hash': 'QmYmfsdpsPfvVDYcMCWtyXLeNoE7DyQ8KfKeC264rFActy', 'Size': '130024'}>
2021-10-22 01:33:45 <ipfshttpclient.client.base.ResponseBase: {'Name': 'model.pt', 'Hash': 'QmRdWGwvWVJC8pj1LninHF2bJixJxM5fNsYYuA4jLV545p', 'Size': '130024'}>
2021-10-22 01:35:40 <ipfshttpclient.client.base.ResponseBase: {'Name': 'model.pt', 'Hash': 'QmX1Ad8on8hLaZ9ESzDuz2kpJvidgv9ytHhbpimawnbyCv', 'Size': '130024'}>
2021-10-22 01:37:35 <ipfshttpclient.client.base.ResponseBase: {'Name': 'model.pt', 'Hash': 'QmXGkBB1YKMTKuE4G3YGJrocpv5zcsusSCFSwjBPFFwcQH', 'Size': '130024'}>
2021-10-22 01:39:37 <ipfshttpclient.client.base.ResponseBase: {'Name': 'model.pt', 'Hash': 'QmU5N7XoEUKgB8MqQVzhMxsgorRaKiRHN9u1D53pd5sXCf', 'Size': '130024'}>
2021-10-22 01:41:36 <ipfshttpclient.client.base.ResponseBase: {'Name': 'model.pt', 'Hash': 'QmNrFskYsrEB5gx8Ed62Y66tQSGy3E45NjW8qw6dgAkguy', 'Size': '130024'}>
2021-10-22 01:43:37 <ipfshttpclient.client.base.ResponseBase: {'Name': 'model.pt', 'Hash': 'QmUFfafA1EpKywnJgz1ZvoEMxjAYEjEj2oGzqZ7vJCnLsW', 'Size': '130024'}>
2021-10-22 01:45:35 <ipfshttpclient.client.base.ResponseBase: {'Name': 'model.pt', 'Hash': 'QmNaxZ8nXV83TepkKKYfBfztHv2dHYAhhzRLDx14ibZzfA', 'Size': '130024'}>
2021-10-22 01:47:36 <ipfshttpclient.client.base.ResponseBase: {'Name': 'model.pt', 'Hash': 'Qmc9yzW35tVJFSKTXKnWBtMSFhHcbaxFHHzaV7W1XnjjQv', 'Size': '130024'}>
2021-10-22 01:49:34 <ipfshttpclient.client.base.ResponseBase: {'Name': 'model.pt', 'Hash': 'Qmf2bLc6hu8JgX4pA3xC2wL4qQjkUrvKzA2YGQ2gjQs6q5', 'Size': '130024'}>
2021-10-22 01:51:32 <ipfshttpclient.client.base.ResponseBase: {'Name': 'model.pt', 'Hash': 'QmbJrbmuSj8AW4vV8ZbFhD7des4WXE1rkewrm4tGzjjxm8', 'Size': '130024'}>
2021-10-22 01:53:31 <ipfshttpclient.client.base.ResponseBase: {'Name': 'model.pt', 'Hash': 'QmdWX8NLmv5VJS3C1Gc2mDn7cBs9aCQ5FmTqjoUfykS3do', 'Size': '130024'}>
2021-10-22 01:55:30 <ipfshttpclient.client.base.ResponseBase: {'Name': 'model.pt', 'Hash': 'QmNwYLovw871BKspnRychVxk1wZDSPC6kftm6YTdwzFQuj', 'Size': '130024'}>
2021-10-22 01:57:29 <ipfshttpclient.client.base.ResponseBase: {'Name': 'model.pt', 'Hash': 'QmdVji286rH2aJ7q7YKPPYQdJVEmivv68pjHWhTFSy2r5z', 'Size': '130024'}>
2021-10-22 01:59:26 <ipfshttpclient.client.base.ResponseBase: {'Name': 'model.pt', 'Hash': 'QmNnayCdVZEnmwCftk82GjNk5647UxA7CAui6ppZACuEAG', 'Size': '130024'}>
2021-10-22 02:01:21 <ipfshttpclient.client.base.ResponseBase: {'Name': 'model.pt', 'Hash': 'QmbVksgd2fxztrsSqA2h7jaxqxr6EvKxu9XFKwYd2CWUqR', 'Size': '130024'}>
2021-10-22 02:03:20 <ipfshttpclient.client.base.ResponseBase: {'Name': 'model.pt', 'Hash': 'QmTi9DBGqKDPqC93cxfKZb8ALTyENFfBgjzVQDya5WmHwP', 'Size': '130024'}>
2021-10-22 02:05:16 <ipfshttpclient.client.base.ResponseBase: {'Name': 'model.pt', 'Hash': 'QmdGsddMpxzoEEzjBBw15ndc9tvokUEhxTWV1hm4TLJ1bw', 'Size': '130024'}>
2021-10-22 02:07:14 <ipfshttpclient.client.base.ResponseBase: {'Name': 'model.pt', 'Hash': 'QmcSnQWZahTeW6Vv4a6JZXue6YTBdgzte1N5j2HWrrtXHK', 'Size': '130024'}>
2021-10-22 02:09:12 <ipfshttpclient.client.base.ResponseBase: {'Name': 'model.pt', 'Hash': 'QmRtbojFJuvw4ZXz7ADZ9uZBANQWH6meQw5AZLN8LggP9k', 'Size': '130024'}>
2021-10-22 02:11:14 <ipfshttpclient.client.base.ResponseBase: {'Name': 'model.pt', 'Hash': 'QmRW5fqPHpnfXEK4LWksXX6JE4TfB2xuyzoKymHCZhpe2v', 'Size': '130024'}>
2021-10-22 02:13:11 <ipfshttpclient.client.base.ResponseBase: {'Name': 'model.pt', 'Hash': 'QmWNY2kH5nYcGG2j1beDdGEqDzKbAvswwxAk1yYq2kN5z9', 'Size': '130024'}>
2021-10-22 02:15:09 <ipfshttpclient.client.base.ResponseBase: {'Name': 'model.pt', 'Hash': 'QmYoa1WMv2ssz5w8ca3s6aoJRoDXHC8CG3GVWosWpuiWo6', 'Size': '130024'}>
2021-10-22 02:17:07 <ipfshttpclient.client.base.ResponseBase: {'Name': 'model.pt', 'Hash': 'QmdHtrrfGUU3aBUqYW8eagT8jkW3vmVZHRndetkFeCTbGP', 'Size': '130024'}>
2021-10-22 02:19:04 <ipfshttpclient.client.base.ResponseBase: {'Name': 'model.pt', 'Hash': 'QmVRTTWKMJLjYzkCmNsBFmhwSP3Ds1NLYfERQ5x6hUErv6', 'Size': '130024'}>
2021-10-22 02:21:02 <ipfshttpclient.client.base.ResponseBase: {'Name': 'model.pt', 'Hash': 'QmaB4v2de5hqRPMGmnDdwsgDyANHcn2AFHKdr6m772Sc1r', 'Size': '130024'}>
2021-10-22 02:23:03 <ipfshttpclient.client.base.ResponseBase: {'Name': 'model.pt', 'Hash': 'QmaTg6AkR3vR614uWXF2jcXarVk3qJ2fCZDQD9hj5cSp2k', 'Size': '130024'}>
2021-10-22 02:25:00 <ipfshttpclient.client.base.ResponseBase: {'Name': 'model.pt', 'Hash': 'QmdWaMNHDyEUNgUgARGLVV1WoZrpM4kbji6U8ezydAqtMX', 'Size': '130024'}>
2021-10-22 02:26:59 <ipfshttpclient.client.base.ResponseBase: {'Name': 'model.pt', 'Hash': 'QmXGLSJEZ2Cwnjb6r5kGWUoMBbVePwx6L4jque9uxrtPBu', 'Size': '130024'}>
2021-10-22 02:28:55 <ipfshttpclient.client.base.ResponseBase: {'Name': 'model.pt', 'Hash': 'QmdEoPBZ3sGmiKupfkATGCEmEwhLrS8FMQx9NKM2sS6Hxn', 'Size': '130024'}>
2021-10-22 02:30:52 <ipfshttpclient.client.base.ResponseBase: {'Name': 'model.pt', 'Hash': 'QmZp25ueHuy8VmWu4u1GhDrdpN4ALVr5vjKhFrpQfVdUG9', 'Size': '130024'}>
2021-10-22 02:32:47 <ipfshttpclient.client.base.ResponseBase: {'Name': 'model.pt', 'Hash': 'QmXAb48AkUnCQyyczsHqZx347KVpqP2YqpmQqCMnh3U3pE', 'Size': '130024'}>
2021-10-22 02:34:44 <ipfshttpclient.client.base.ResponseBase: {'Name': 'model.pt', 'Hash': 'QmesFCjV8M5Wa5xG9WYLyG3vDWUVNZZaf4RC6gCJ554bB5', 'Size': '130024'}>
2021-10-22 02:36:42 <ipfshttpclient.client.base.ResponseBase: {'Name': 'model.pt', 'Hash': 'QmPk48YmwTwm7jhd72Nomf9MPeuntvDSvurzLUmgyEXoyS', 'Size': '130024'}>
2021-10-22 02:38:41 <ipfshttpclient.client.base.ResponseBase: {'Name': 'model.pt', 'Hash': 'QmcfzrW9fbZAjPVTAvquvaGmz9mujzdLEYchwkJB9DwfDW', 'Size': '130024'}>
2021-10-22 02:40:37 <ipfshttpclient.client.base.ResponseBase: {'Name': 'model.pt', 'Hash': 'QmZNXAjJkUhxacRhBqhgWwUZJRicS5qCs4it5VmaJosDmG', 'Size': '130024'}>
2021-10-22 02:42:36 <ipfshttpclient.client.base.ResponseBase: {'Name': 'model.pt', 'Hash': 'QmZKEsr4dbv8UhJBr76u5xBZRtNDo7Zvzu43H1yWsC3eG1', 'Size': '130024'}>
2021-10-22 02:44:35 <ipfshttpclient.client.base.ResponseBase: {'Name': 'model.pt', 'Hash': 'QmawLDhwz5nZfnFFYmXvANagMEg8EPrankWjEBovbQAPWk', 'Size': '130024'}>
2021-10-22 02:46:36 <ipfshttpclient.client.base.ResponseBase: {'Name': 'model.pt', 'Hash': 'QmUZq2KuZc5XSvQ8XpZDiWENKURaWuLEZ49SSpkHRY2A44', 'Size': '130024'}>
2021-10-22 02:48:36 <ipfshttpclient.client.base.ResponseBase: {'Name': 'model.pt', 'Hash': 'QmYQBBMVnNjX2M82hFJSQQXMxDs9esqHGgbsfFgMoZjWXC', 'Size': '130024'}>
2021-10-22 02:50:34 <ipfshttpclient.client.base.ResponseBase: {'Name': 'model.pt', 'Hash': 'QmQFJHfDHa1LLHmmPmmGy53NjTdVMt5eJaTM9AAoxmYb48', 'Size': '130024'}>
2021-10-22 02:52:34 <ipfshttpclient.client.base.ResponseBase: {'Name': 'model.pt', 'Hash': 'QmZqWWAJiZhKaNaNNyxMVdKcc1JMntiWS4uJjTPAyhZask', 'Size': '130024'}>
2021-10-22 02:54:31 <ipfshttpclient.client.base.ResponseBase: {'Name': 'model.pt', 'Hash': 'QmTxRyEnUHnHeH13zbkoeovqjuHbJd8pXgcyRCcAgkz8aR', 'Size': '130024'}>
2021-10-22 02:56:30 <ipfshttpclient.client.base.ResponseBase: {'Name': 'model.pt', 'Hash': 'QmV847v9ZKfDim2TxekTqr5orai2cKpJLnexocPYvwti3B', 'Size': '130024'}>
2021-10-22 02:58:29 <ipfshttpclient.client.base.ResponseBase: {'Name': 'model.pt', 'Hash': 'QmXiEsngBUYtjA6rFPfJ2fJ73DUsurn2zQ2K8wJ2RoR1dq', 'Size': '130024'}>
2021-10-22 03:00:28 <ipfshttpclient.client.base.ResponseBase: {'Name': 'model.pt', 'Hash': 'QmYd8VPw6k2S33j7ciWXvz5Ua2bmbJHG3Po4JmozJrsFm2', 'Size': '130024'}>
2021-10-22 03:02:26 <ipfshttpclient.client.base.ResponseBase: {'Name': 'model.pt', 'Hash': 'QmRo2DhevZxhxhHLA4DtQFfgDiqUoSPVa4VKmfEZCzGUu4', 'Size': '130024'}>
2021-10-22 03:04:26 <ipfshttpclient.client.base.ResponseBase: {'Name': 'model.pt', 'Hash': 'QmYgUMHbGcxhehcKEs3asnrro7kYA189SWHULiYnbMts5t', 'Size': '130024'}>
2021-10-22 03:06:21 <ipfshttpclient.client.base.ResponseBase: {'Name': 'model.pt', 'Hash': 'QmZv7z4jLfuj3h8nzVAhGkQ5QjHbTGFtLJdFWRDhgQN6Sx', 'Size': '130024'}>
2021-10-22 03:08:19 <ipfshttpclient.client.base.ResponseBase: {'Name': 'model.pt', 'Hash': 'QmQeCgPBVdJEKrYjeBtdVipdPH9PP7KijGanc1wwMC4TQw', 'Size': '130024'}>
2021-10-22 03:10:16 <ipfshttpclient.client.base.ResponseBase: {'Name': 'model.pt', 'Hash': 'QmVN66FgZXrCQYqtyG9Gbg5izfVC7JK5ewEJiZc3hHJ691', 'Size': '130024'}>
2021-10-22 03:12:19 <ipfshttpclient.client.base.ResponseBase: {'Name': 'model.pt', 'Hash': 'QmdUFAWDUzW6npa2nnTMmzHggugAkPKXrE8LmjGi7LwvLc', 'Size': '130024'}>
2021-10-22 03:14:16 <ipfshttpclient.client.base.ResponseBase: {'Name': 'model.pt', 'Hash': 'QmaAd9CUSDJg88Gjwcj3JFgxycLQxFH9zgqJMcuvD9ctQF', 'Size': '130024'}>
2021-10-22 03:16:15 <ipfshttpclient.client.base.ResponseBase: {'Name': 'model.pt', 'Hash': 'QmW2V3QXRHoAhfGvJtDusN9fN7NtSPSUEzdDy6Y8cQHnLP', 'Size': '130024'}>
2021-10-22 03:18:13 <ipfshttpclient.client.base.ResponseBase: {'Name': 'model.pt', 'Hash': 'QmbtvSqcSuaBbFdK1F5L4ctAri1UySC3cP5K9aphmg2FVH', 'Size': '130024'}>
2021-10-22 03:20:12 <ipfshttpclient.client.base.ResponseBase: {'Name': 'model.pt', 'Hash': 'Qmc4zEdS7P6uhwX3khfsmv4vwMtmhGywhJzxfPmU2SQmEu', 'Size': '130024'}>
2021-10-22 03:22:11 <ipfshttpclient.client.base.ResponseBase: {'Name': 'model.pt', 'Hash': 'Qmegtz69PWnPoK4xWME9KTqX6jBywdUSuaZay5VvUQkyyJ', 'Size': '130024'}>
2021-10-22 03:24:09 <ipfshttpclient.client.base.ResponseBase: {'Name': 'model.pt', 'Hash': 'QmQPrQGEFdHxDDGa9D8EXBhGPzuPjs4TXWcmJ72MYyhQVf', 'Size': '130024'}>
2021-10-22 03:26:04 <ipfshttpclient.client.base.ResponseBase: {'Name': 'model.pt', 'Hash': 'QmVeL8FX1ZRQVFc2RRXGs561r4xRWLxR8fPMcSoxxrAJuX', 'Size': '130024'}>
2021-10-22 03:28:03 <ipfshttpclient.client.base.ResponseBase: {'Name': 'model.pt', 'Hash': 'QmUbgJitV7PtrY8ogYbPpLuV2j6X4taxGuSdNzU6NBUxAp', 'Size': '130024'}>
2021-10-22 03:30:02 <ipfshttpclient.client.base.ResponseBase: {'Name': 'model.pt', 'Hash': 'QmNxgCukZ2PD2RvGkjfRhZbM5LdNp5oNrDE2rsVYZZidZu', 'Size': '130024'}>
2021-10-22 03:32:01 <ipfshttpclient.client.base.ResponseBase: {'Name': 'model.pt', 'Hash': 'QmepDR7T6C7bS7jQiAjANcjtSPCE66hR2hP57BV6xGsq7G', 'Size': '130024'}>
2021-10-22 03:34:00 <ipfshttpclient.client.base.ResponseBase: {'Name': 'model.pt', 'Hash': 'QmNP9aaZRFXMRQvBw7uFqM77pyFXt2m6eF8W6KScybtWYZ', 'Size': '130024'}>
2021-10-22 03:35:57 <ipfshttpclient.client.base.ResponseBase: {'Name': 'model.pt', 'Hash': 'QmVqFgtEtBVM4Bpzbgue3rSb3EaAG3yeZJP4gqxACFYbmr', 'Size': '130024'}>
2021-10-22 03:37:54 <ipfshttpclient.client.base.ResponseBase: {'Name': 'model.pt', 'Hash': 'QmVS4Z3JrzVbBdXzmWW7hbh6Rxwf5MUYsWgsBm4F4rd61N', 'Size': '130024'}>
2021-10-22 03:39:51 <ipfshttpclient.client.base.ResponseBase: {'Name': 'model.pt', 'Hash': 'QmTHPHdQMmPt35aEBCc9bznNyCRXsoa5mH2zAg4M5v6Dx4', 'Size': '130024'}>
2021-10-22 03:41:52 <ipfshttpclient.client.base.ResponseBase: {'Name': 'model.pt', 'Hash': 'QmXuyHa21SrNX5KWHzuFUf65npSNbpxhk2EQqn2zVZSBPE', 'Size': '130024'}>
2021-10-22 03:43:51 <ipfshttpclient.client.base.ResponseBase: {'Name': 'model.pt', 'Hash': 'QmNLwjgJP8nh17E7bPqPmx1DKuD6oF82oC1efPpisuLgkE', 'Size': '130024'}>
2021-10-22 03:45:49 <ipfshttpclient.client.base.ResponseBase: {'Name': 'model.pt', 'Hash': 'QmToX6QyxGmNFD9NC67fvLFpMy2W7VhgGkzg1Rrj6avFg3', 'Size': '130024'}>
2021-10-22 03:47:46 <ipfshttpclient.client.base.ResponseBase: {'Name': 'model.pt', 'Hash': 'QmNkPnRC3cy4K2ci1SP4TdTxYxag971Yuu5z1hSbwjN2W5', 'Size': '130024'}>
2021-10-22 03:49:46 <ipfshttpclient.client.base.ResponseBase: {'Name': 'model.pt', 'Hash': 'QmULz54CYZ8No9nqnhAoemy5wxeGfdfvx6QpVgAAWPfJdd', 'Size': '130024'}>
2021-10-22 03:51:46 <ipfshttpclient.client.base.ResponseBase: {'Name': 'model.pt', 'Hash': 'QmSSEWnzeTk12mWXaT4TuN7KHYFraQZLmgxS5TnuemxUQp', 'Size': '130024'}>
2021-10-22 03:53:44 <ipfshttpclient.client.base.ResponseBase: {'Name': 'model.pt', 'Hash': 'QmZmVUpVBuaBbvPFj11fdpYzeT695bbnPBroXcmajRddTR', 'Size': '130024'}>
2021-10-22 03:55:45 <ipfshttpclient.client.base.ResponseBase: {'Name': 'model.pt', 'Hash': 'QmXrP4woZQ12zQnQ2fcsCAkbZozQ1zwG8MxXp3MT4jV8HZ', 'Size': '130024'}>
2021-10-22 03:57:42 <ipfshttpclient.client.base.ResponseBase: {'Name': 'model.pt', 'Hash': 'QmV8PHVvD6fKrPxdQV6QANnDoWbfChugq5QPCUBzZqyjCE', 'Size': '130024'}>
2021-10-22 03:59:42 <ipfshttpclient.client.base.ResponseBase: {'Name': 'model.pt', 'Hash': 'QmeuKsijUcG2z8hU5tmZLG7HmQFQzeDAYSRfyauXRGww4g', 'Size': '130024'}>
2021-10-22 04:01:42 <ipfshttpclient.client.base.ResponseBase: {'Name': 'model.pt', 'Hash': 'QmT96kRVgaR2GjiiVcVphDF7T9gBUE6RPRm6oTp9RMSLre', 'Size': '130024'}>
2021-10-22 04:03:42 <ipfshttpclient.client.base.ResponseBase: {'Name': 'model.pt', 'Hash': 'QmZVSFWjfVDoCyJwy5NF6q4JriqyUQMtAPBmxNvKa5NApe', 'Size': '130024'}>
2021-10-22 04:05:45 <ipfshttpclient.client.base.ResponseBase: {'Name': 'model.pt', 'Hash': 'Qma4fKj4jbzGVzwnYxEwXv2etRbysgsMWMLKcVRmxbfjaD', 'Size': '130024'}>
2021-10-22 04:07:42 <ipfshttpclient.client.base.ResponseBase: {'Name': 'model.pt', 'Hash': 'QmaTFZBtThcr9X3347jM2mHf4xY5GaM2Yk3gdmxYQbAKNx', 'Size': '130024'}>
2021-10-22 04:09:39 <ipfshttpclient.client.base.ResponseBase: {'Name': 'model.pt', 'Hash': 'QmXnkiqAH32zSqUqVxovD7fw1F8H3BVZEvCs1RPHUnU1Du', 'Size': '130024'}>
2021-10-22 04:11:40 <ipfshttpclient.client.base.ResponseBase: {'Name': 'model.pt', 'Hash': 'QmS3etnTJHPuT8k3iZyYhi57GX9GHTViW3Ty3MjwekMW6Y', 'Size': '130024'}>
2021-10-22 04:13:37 <ipfshttpclient.client.base.ResponseBase: {'Name': 'model.pt', 'Hash': 'QmcCxKTucPQJ2VtuTqb1Z8npgjtgyWRxASCh6fsWRvQZQ6', 'Size': '130024'}>
2021-10-22 04:15:38 <ipfshttpclient.client.base.ResponseBase: {'Name': 'model.pt', 'Hash': 'QmNotTqrJUTnbLrk5Qegu2zeVJU3AxQj45icE2FyMosaE9', 'Size': '130024'}>
2021-10-22 04:17:37 <ipfshttpclient.client.base.ResponseBase: {'Name': 'model.pt', 'Hash': 'QmNTY3eWm7gri1DBfkmNdUQw7P3sK6VEqqoc9rxxVokqW9', 'Size': '130024'}>
2021-10-22 04:19:35 <ipfshttpclient.client.base.ResponseBase: {'Name': 'model.pt', 'Hash': 'QmdCyjYUuXczek65pfzeCtpqd85tMcLLDz1uD9ddCQbJVP', 'Size': '130024'}>
2021-10-22 04:21:33 <ipfshttpclient.client.base.ResponseBase: {'Name': 'model.pt', 'Hash': 'QmVp5MfEFGJhuRUQaXxLjV9XgNmZc1A9NWYQR5uvGiA8Z7', 'Size': '130024'}>
2021-10-22 04:23:32 <ipfshttpclient.client.base.ResponseBase: {'Name': 'model.pt', 'Hash': 'QmS7YhErNhzohxs7kD2wvJ1aqkpngyBZpeAjxoD92zUvnt', 'Size': '130024'}>
2021-10-22 04:25:29 <ipfshttpclient.client.base.ResponseBase: {'Name': 'model.pt', 'Hash': 'QmQpRRbTfY6wjA8Hcw8x8W9ZqReo9rrJsARYZ1MYau4Yra', 'Size': '130024'}>
2021-10-22 04:27:27 <ipfshttpclient.client.base.ResponseBase: {'Name': 'model.pt', 'Hash': 'QmZPnUvNkQ7toC2VLxaGN5mt84uo3L8TekUjzETa2yx5is', 'Size': '130024'}>
2021-10-22 04:29:28 <ipfshttpclient.client.base.ResponseBase: {'Name': 'model.pt', 'Hash': 'QmZ53gBAGyX3XTGhePRuxoa1wHw5YCWUWRZbQ3UQEDdjX5', 'Size': '130024'}>
2021-10-22 04:31:24 <ipfshttpclient.client.base.ResponseBase: {'Name': 'model.pt', 'Hash': 'QmYhDpcArjYPbfAa8EmxUKzKRgEzENNrbj4u68Qa99ijrF', 'Size': '130024'}>
2021-10-22 04:33:27 <ipfshttpclient.client.base.ResponseBase: {'Name': 'model.pt', 'Hash': 'Qmei5fAvJ1F9mZwc1QNj4udbYd1teDmqR9yZE65awLWYRE', 'Size': '130024'}>
2021-10-22 04:35:24 <ipfshttpclient.client.base.ResponseBase: {'Name': 'model.pt', 'Hash': 'QmSTFNjSriZZcBn9UTN8EKeBw5Dcg74HcAPUzZEHwETR37', 'Size': '130024'}>
2021-10-22 04:37:23 <ipfshttpclient.client.base.ResponseBase: {'Name': 'model.pt', 'Hash': 'QmcmP6gRYAwqsHrzd8Dr9xbYHi8yDWvhX3R45zTjiL2eMd', 'Size': '130024'}>
2021-10-22 04:39:21 <ipfshttpclient.client.base.ResponseBase: {'Name': 'model.pt', 'Hash': 'Qmc3ySvLb4vvk9MEPGDJJPNJoVu4dzQKuFPSLtBEudQiDh', 'Size': '130024'}>
2021-10-22 04:41:23 <ipfshttpclient.client.base.ResponseBase: {'Name': 'model.pt', 'Hash': 'QmREuQDWR8fSLMg8ig7bPH67NSW1P7T4WagYvAwjSL6Zpq', 'Size': '130024'}>
2021-10-22 04:43:22 <ipfshttpclient.client.base.ResponseBase: {'Name': 'model.pt', 'Hash': 'QmdhAhSBhWzjFE5gVs58jdAbEdoFtJbGEmTn8YPvuLQBzZ', 'Size': '130024'}>
2021-10-22 04:45:17 <ipfshttpclient.client.base.ResponseBase: {'Name': 'model.pt', 'Hash': 'QmZFfnLxv4uF7F5XX13i6kLCfW4ZxEn6ZmYb1Ndmd2XQEA', 'Size': '130024'}>
2021-10-22 04:47:17 <ipfshttpclient.client.base.ResponseBase: {'Name': 'model.pt', 'Hash': 'QmVHZx38kqe5V7UvzMkWQw45uKHMMPwRwwh1QPTc6PqmXp', 'Size': '130024'}>
2021-10-22 04:49:15 <ipfshttpclient.client.base.ResponseBase: {'Name': 'model.pt', 'Hash': 'QmUxWMozzeJ4usrLQh931rxTFra8d4NAAw57mttqn5H4af', 'Size': '130024'}>
2021-10-22 04:51:11 <ipfshttpclient.client.base.ResponseBase: {'Name': 'model.pt', 'Hash': 'QmaK1WZx6XAWACeeXfDxPFftJH1BpG4KC9zMRNktCVgKau', 'Size': '130024'}>
2021-10-22 04:53:10 <ipfshttpclient.client.base.ResponseBase: {'Name': 'model.pt', 'Hash': 'QmSAQZUHHyjJLQHpHHx8oSdr4ijf38XkV7kyBjVjFGTLje', 'Size': '130024'}>
2021-10-22 04:55:07 <ipfshttpclient.client.base.ResponseBase: {'Name': 'model.pt', 'Hash': 'QmXyCDeaHYX24ypf8goiGsYuAfCkDs5i5c5yBJhbHU6eJr', 'Size': '130024'}>
2021-10-22 04:57:05 <ipfshttpclient.client.base.ResponseBase: {'Name': 'model.pt', 'Hash': 'QmaUmm1Xq99ysySqskwBexBexHCc5W9TXASAJbVfnwMz6R', 'Size': '130024'}>
2021-10-22 04:59:01 <ipfshttpclient.client.base.ResponseBase: {'Name': 'model.pt', 'Hash': 'QmWMDfnxMhyEDQXc1Pn7hXCTGhStMkdvbMDwJkE53Kc2h6', 'Size': '130024'}>
2021-10-22 05:01:03 <ipfshttpclient.client.base.ResponseBase: {'Name': 'model.pt', 'Hash': 'QmYutcHGHSLP531e1Xey4e1RxqPs78HzYWTqZfTAFWbe5j', 'Size': '130024'}>
2021-10-22 05:03:01 <ipfshttpclient.client.base.ResponseBase: {'Name': 'model.pt', 'Hash': 'QmPbuwM32u9PbvjtLg4AzqusEZwRxCQgF6DqAFGXe4hSpy', 'Size': '130024'}>
2021-10-22 05:04:58 <ipfshttpclient.client.base.ResponseBase: {'Name': 'model.pt', 'Hash': 'QmP3nq8VyG4PQhJYk1oWHVYkjfY1CW3UDSWy63XDdV5xC1', 'Size': '130024'}>
2021-10-22 05:06:54 <ipfshttpclient.client.base.ResponseBase: {'Name': 'model.pt', 'Hash': 'QmSpqC5hRRqA8YjosSoJGWaRG54wKzabyDYgJpydJ1TiKT', 'Size': '130024'}>
2021-10-22 05:08:50 <ipfshttpclient.client.base.ResponseBase: {'Name': 'model.pt', 'Hash': 'QmPmHbbb75YNcjySqsngxt2xca6DaZkyBZu1758TWJCNue', 'Size': '130024'}>
2021-10-22 05:10:45 <ipfshttpclient.client.base.ResponseBase: {'Name': 'model.pt', 'Hash': 'QmNrBuFtSmVcXXQZvgEV5byBb9LspVHmUQJSPzzzyoCeJV', 'Size': '130024'}>
2021-10-22 05:12:45 <ipfshttpclient.client.base.ResponseBase: {'Name': 'model.pt', 'Hash': 'QmPfvtwhEm3YcoHNN9TCvqmqCBEBXXuSD5iVd2Gb8CRG5o', 'Size': '130024'}>
2021-10-22 05:14:42 <ipfshttpclient.client.base.ResponseBase: {'Name': 'model.pt', 'Hash': 'QmU1hzV4oxcBaKwzem9PMVXdjCzWpoAEreTD2kyv9fEwMo', 'Size': '130024'}>
2021-10-22 05:16:41 <ipfshttpclient.client.base.ResponseBase: {'Name': 'model.pt', 'Hash': 'QmTfkzbDwbDxe19T6DqsAeJSPhubSkXQEFAdb5kZouTwXT', 'Size': '130024'}>
2021-10-22 05:18:39 <ipfshttpclient.client.base.ResponseBase: {'Name': 'model.pt', 'Hash': 'QmQ9KDaG7iNf7GGLzJK3JmWCnLSZzxVexLMoEdYBswrmjf', 'Size': '130024'}>
2021-10-22 05:20:34 <ipfshttpclient.client.base.ResponseBase: {'Name': 'model.pt', 'Hash': 'QmX9jygzQx8wfR1wjatipC8EUPeCd4kqtwoy6CwCCr7xsA', 'Size': '130024'}>
2021-10-22 05:22:33 <ipfshttpclient.client.base.ResponseBase: {'Name': 'model.pt', 'Hash': 'QmThe3HyQSsu3VqvUPRuCijw8LmueVC9VA2KjyuKrhL7wL', 'Size': '130024'}>
2021-10-22 05:24:29 <ipfshttpclient.client.base.ResponseBase: {'Name': 'model.pt', 'Hash': 'QmaEKV1iyH2sQyPbur653tSW3h27ggLo8ZaHtEabguo7Pv', 'Size': '130024'}>
2021-10-22 05:26:26 <ipfshttpclient.client.base.ResponseBase: {'Name': 'model.pt', 'Hash': 'QmRbFNvqazYDe4EdrJXM7ujGkttKGSK6EDshDy7tqt5fq1', 'Size': '130024'}>
2021-10-22 05:28:22 <ipfshttpclient.client.base.ResponseBase: {'Name': 'model.pt', 'Hash': 'QmQm47RsJAECHKDmHSwtpRdi8X41kbV64EY6KQWSSvQAre', 'Size': '130024'}>
2021-10-22 05:30:21 <ipfshttpclient.client.base.ResponseBase: {'Name': 'model.pt', 'Hash': 'QmcDx3m6n6PD8uTyyGbdmF13PSLM6AZ1CievbWcsLcBb6F', 'Size': '130024'}>
2021-10-22 05:32:19 <ipfshttpclient.client.base.ResponseBase: {'Name': 'model.pt', 'Hash': 'Qmb8ApaboZkwJ3QR4CVRDqonmAXogWqkEvUM5htnEemHrb', 'Size': '130024'}>
2021-10-22 05:34:17 <ipfshttpclient.client.base.ResponseBase: {'Name': 'model.pt', 'Hash': 'QmbGYRFvV11HawjLvba2YWFNwScbsddbTFk6RYDc7Y9Pm9', 'Size': '130024'}>
2021-10-22 05:36:15 <ipfshttpclient.client.base.ResponseBase: {'Name': 'model.pt', 'Hash': 'QmPwhQ2SQV4y8r8fp5SmzX8yCRsgUkmV9CanmBnt3Hf3ES', 'Size': '130024'}>
2021-10-22 05:38:12 <ipfshttpclient.client.base.ResponseBase: {'Name': 'model.pt', 'Hash': 'QmZ3teDq6oshxqTdHcyZhmejTKVG1R6MV7AmqssMvgFUPz', 'Size': '130024'}>
2021-10-22 05:40:10 <ipfshttpclient.client.base.ResponseBase: {'Name': 'model.pt', 'Hash': 'Qme4rWttF99J4K9ofvg2RBT6WA9rSczwAR5FJKVysTvPbv', 'Size': '130024'}>
2021-10-22 05:42:06 <ipfshttpclient.client.base.ResponseBase: {'Name': 'model.pt', 'Hash': 'QmTZze2Yd6jcjhY5xov62kcoucHgs6hsgFxHc8TqRfNok7', 'Size': '130024'}>
2021-10-22 05:44:03 <ipfshttpclient.client.base.ResponseBase: {'Name': 'model.pt', 'Hash': 'QmTDeyoVs33newY1VZxSqZgkVcNFuDs1GkHW9xTbq46pKT', 'Size': '130024'}>
2021-10-22 05:46:01 <ipfshttpclient.client.base.ResponseBase: {'Name': 'model.pt', 'Hash': 'QmXYjEsxrNDLp9GxjqtJW3YWpsWSXN4EaxL1MVPGBJURYj', 'Size': '130024'}>
2021-10-22 05:47:59 <ipfshttpclient.client.base.ResponseBase: {'Name': 'model.pt', 'Hash': 'QmfCsxmTN7MAzhpcZev8mBFvgYs6wCsZ6wEucJQH8wSpnS', 'Size': '130024'}>
2021-10-22 05:49:59 <ipfshttpclient.client.base.ResponseBase: {'Name': 'model.pt', 'Hash': 'QmTPVNS57eZHNmVtyDe86XAd1ZJ4ib8gDw6V77Yfy9nuMR', 'Size': '130024'}>
2021-10-22 05:51:58 <ipfshttpclient.client.base.ResponseBase: {'Name': 'model.pt', 'Hash': 'QmapYqWQdT9AhW4hBGQktmbUJ3sF9YHQiJqFruswa4wq9g', 'Size': '130024'}>
2021-10-22 05:53:56 <ipfshttpclient.client.base.ResponseBase: {'Name': 'model.pt', 'Hash': 'QmWMsfHUp9de2X86w2S7tJ86AcCLtXnDUgUBZqauozRJBE', 'Size': '130024'}>
2021-10-22 05:55:53 <ipfshttpclient.client.base.ResponseBase: {'Name': 'model.pt', 'Hash': 'QmXEysotFqeu3jAyGN8YiyN4g8pEnKDjLaTfG1p21bWKzQ', 'Size': '130024'}>
2021-10-22 05:57:48 <ipfshttpclient.client.base.ResponseBase: {'Name': 'model.pt', 'Hash': 'QmYc5QVsfQ3Bvo6qqJ7zL6SZeLvJ6WVNnQxASHYArAKSt1', 'Size': '130024'}>
2021-10-22 05:59:43 <ipfshttpclient.client.base.ResponseBase: {'Name': 'model.pt', 'Hash': 'QmPshg6TDHvvnJTxURW9sv86rBio8LZBNR5atmqEPSz9Gt', 'Size': '130024'}>
2021-10-22 06:01:41 <ipfshttpclient.client.base.ResponseBase: {'Name': 'model.pt', 'Hash': 'QmSjgUBviANL7cHrVgQBBJStruwFLcSTfafbVTKmsrkXaa', 'Size': '130024'}>
2021-10-22 06:03:39 <ipfshttpclient.client.base.ResponseBase: {'Name': 'model.pt', 'Hash': 'QmU9mV5vBs3hMsMpfPkU5X73gDu6gW8wxa1Vo8HqTjg4jZ', 'Size': '130024'}>
2021-10-22 06:05:36 <ipfshttpclient.client.base.ResponseBase: {'Name': 'model.pt', 'Hash': 'QmY1TJpEpuKgCKuBC1KwKWiMnoypauNU56kxipTWBJ49LL', 'Size': '130024'}>
2021-10-22 06:07:32 <ipfshttpclient.client.base.ResponseBase: {'Name': 'model.pt', 'Hash': 'QmfN5F9txCbxxf7nbmqqmqNW48T5LjhzGyYuVv4Z1vQ24o', 'Size': '130024'}>
2021-10-22 06:09:30 <ipfshttpclient.client.base.ResponseBase: {'Name': 'model.pt', 'Hash': 'QmcnhYpVecohhrTWSZnrDNvwybWi5aHuZgYJoHsJPRG9Nc', 'Size': '130024'}>
2021-10-22 06:11:26 <ipfshttpclient.client.base.ResponseBase: {'Name': 'model.pt', 'Hash': 'QmTwH3JHBkMifZvwe7Zw34BL464f6zA5jDyTCvUt7w1Xnp', 'Size': '130024'}>
2021-10-22 06:13:21 <ipfshttpclient.client.base.ResponseBase: {'Name': 'model.pt', 'Hash': 'QmWxYWtRn2BgDJE5MEYjnSyEYd8cDc4ZC1YQ5TMRH9cCTg', 'Size': '130024'}>
2021-10-22 06:15:16 <ipfshttpclient.client.base.ResponseBase: {'Name': 'model.pt', 'Hash': 'QmWCS55BwCmbzt7n73w2MVwvm8umx4wZGNfzio1wfhcJ6G', 'Size': '130024'}>
2021-10-22 06:17:15 <ipfshttpclient.client.base.ResponseBase: {'Name': 'model.pt', 'Hash': 'QmNZv9sGU23pv7DuYHxR7agAb3DzugkG79bMPve5VVSso7', 'Size': '130024'}>
2021-10-22 06:19:16 <ipfshttpclient.client.base.ResponseBase: {'Name': 'model.pt', 'Hash': 'QmTxeU9TihTH8pMNKpFEt4QSWBZSaA4hCVhaKXA7LRV33B', 'Size': '130024'}>
2021-10-22 06:21:14 <ipfshttpclient.client.base.ResponseBase: {'Name': 'model.pt', 'Hash': 'QmPNhQZAHNXGokDzQfebsQRDrBQuhd4G43ppV5DAh1xnzA', 'Size': '130024'}>
2021-10-22 06:23:12 <ipfshttpclient.client.base.ResponseBase: {'Name': 'model.pt', 'Hash': 'QmdG3Afjps7Wm7APjvXCeViWwHq6iQiRBU5GfBtXBBfnMJ', 'Size': '130024'}>
2021-10-22 06:25:10 <ipfshttpclient.client.base.ResponseBase: {'Name': 'model.pt', 'Hash': 'QmfTkwp3LZU55FAPj2dLTy4JhfaAFHC4G4WyG8bnhDzfgL', 'Size': '130024'}>
2021-10-22 06:27:08 <ipfshttpclient.client.base.ResponseBase: {'Name': 'model.pt', 'Hash': 'QmUSz6okdi5Dsucg6d8NTv2k8zUDL58ByL4dHfxQqQe9L6', 'Size': '130024'}>
2021-10-22 06:29:04 <ipfshttpclient.client.base.ResponseBase: {'Name': 'model.pt', 'Hash': 'QmNQTDVNPyo7PPB8paQhrUg8UcaiTAbLKzSEEDyN3YQ94X', 'Size': '130024'}>
2021-10-22 06:31:02 <ipfshttpclient.client.base.ResponseBase: {'Name': 'model.pt', 'Hash': 'QmXhdAtzaMpGBqK4Hy6oAKmidWfdU6rJ488M7xFnqQQxf8', 'Size': '130024'}>
2021-10-22 06:32:57 <ipfshttpclient.client.base.ResponseBase: {'Name': 'model.pt', 'Hash': 'QmWgwezTJqRLacgQAgVLUy1Q3x2ngvLCVogYT6Qe3iz7jK', 'Size': '130024'}>
2021-10-22 06:34:54 <ipfshttpclient.client.base.ResponseBase: {'Name': 'model.pt', 'Hash': 'QmRth4UnNYLYhgM4GvTrnnjZvisYuE7w6LkC6Ryq3XQk4K', 'Size': '130024'}>
2021-10-22 06:36:54 <ipfshttpclient.client.base.ResponseBase: {'Name': 'model.pt', 'Hash': 'QmY1MKmf59k5RRXcNAJyh1bRMf1AAczXimDu3TiaTrhHKW', 'Size': '130024'}>
2021-10-22 06:38:53 <ipfshttpclient.client.base.ResponseBase: {'Name': 'model.pt', 'Hash': 'QmW1SNjYkoTqFo7fwyyvpv76JYp5iYAu3x36cTVTfxiRkV', 'Size': '130024'}>
2021-10-22 06:40:52 <ipfshttpclient.client.base.ResponseBase: {'Name': 'model.pt', 'Hash': 'QmY3Hb6s71zcahwW2CBfKcLduSZ9RD5Trcu2ckehTmiXRD', 'Size': '130024'}>
2021-10-22 06:42:49 <ipfshttpclient.client.base.ResponseBase: {'Name': 'model.pt', 'Hash': 'QmVnmb8M6NivvexPRoCYCtH8zM6uB2VFTUbbx5YNd5s1zS', 'Size': '130024'}>
2021-10-22 06:44:44 <ipfshttpclient.client.base.ResponseBase: {'Name': 'model.pt', 'Hash': 'QmR1gQM3LXqKCWAYdQa3a21WvpG5KGDoKSvNyA5ye7F4XA', 'Size': '130024'}>
2021-10-22 06:46:39 <ipfshttpclient.client.base.ResponseBase: {'Name': 'model.pt', 'Hash': 'QmdiiUmbJ6fXmxFXgSFST8ndpSvnaW8qgeyRuuEhysButd', 'Size': '130024'}>
2021-10-22 06:48:39 <ipfshttpclient.client.base.ResponseBase: {'Name': 'model.pt', 'Hash': 'QmboUAVzDpzxsuVF9nvskkTCqUJpq1aTJYdJP9TgtZsqx3', 'Size': '130024'}>
2021-10-22 06:50:41 <ipfshttpclient.client.base.ResponseBase: {'Name': 'model.pt', 'Hash': 'QmR9XGcMk9ycMJdkE1H5iVZjGjXgAVFCra3Qk5Q9F7U3V4', 'Size': '130024'}>
2021-10-22 06:52:38 <ipfshttpclient.client.base.ResponseBase: {'Name': 'model.pt', 'Hash': 'Qmf2JwJo6VFNv4UiKDFhzPxXCZyU6Y9Ba4TPyRvEYURJNT', 'Size': '130024'}>
2021-10-22 06:54:34 <ipfshttpclient.client.base.ResponseBase: {'Name': 'model.pt', 'Hash': 'QmdAjZqAKMbWMc43oGPVGadUYzxadqrMNmJbraeq9RuVub', 'Size': '130024'}>
2021-10-22 06:56:31 <ipfshttpclient.client.base.ResponseBase: {'Name': 'model.pt', 'Hash': 'Qmdnr7WhAoggx4qtDtwXLzfrF83NBGAybm38rySV7SmReN', 'Size': '130024'}>
2021-10-22 06:58:31 <ipfshttpclient.client.base.ResponseBase: {'Name': 'model.pt', 'Hash': 'QmeqZRCW4bfz1ESFYCN1Y13cRLrpnNUhqX8tfLsqyZ6W5G', 'Size': '130024'}>
2021-10-22 07:00:31 <ipfshttpclient.client.base.ResponseBase: {'Name': 'model.pt', 'Hash': 'QmQ9KSLobNULy3Lq8HybcBKjL4ZnyHF758S31z1JaSvx6Z', 'Size': '130024'}>
2021-10-22 07:02:29 <ipfshttpclient.client.base.ResponseBase: {'Name': 'model.pt', 'Hash': 'QmNcrF9x6k4Mi69a8oSSacmQuGp9V71uYxXtSbJUPAaM5N', 'Size': '130024'}>
2021-10-22 07:04:25 <ipfshttpclient.client.base.ResponseBase: {'Name': 'model.pt', 'Hash': 'QmXE9kWJnLqPoayTXFMmHeiVjbHKpjG5o1kxG6i33E8ssV', 'Size': '130024'}>
2021-10-22 07:06:22 <ipfshttpclient.client.base.ResponseBase: {'Name': 'model.pt', 'Hash': 'QmPbDmtmQvMSd4KsuyTUy2pCdKNCDyQVqR6YY7VyeUa1Rr', 'Size': '130024'}>
2021-10-22 07:08:19 <ipfshttpclient.client.base.ResponseBase: {'Name': 'model.pt', 'Hash': 'QmeoPtUfgs2DXsCAR5SFZ8qpW4nWJgT4HwJ27MyVQ5ghUA', 'Size': '130024'}>
2021-10-22 07:10:20 <ipfshttpclient.client.base.ResponseBase: {'Name': 'model.pt', 'Hash': 'QmZqsX5tke4EEuSSvXNaT9SxBBwziXBx3y5qKHbvfnrsyZ', 'Size': '130024'}>
2021-10-22 07:12:17 <ipfshttpclient.client.base.ResponseBase: {'Name': 'model.pt', 'Hash': 'QmfRvqdAYWKAKQcxj3QGqjZSwaSNjQMc7Yhsx79duzoBij', 'Size': '130024'}>
2021-10-22 07:14:13 <ipfshttpclient.client.base.ResponseBase: {'Name': 'model.pt', 'Hash': 'QmQbXL7zcVnCLHerXaguAuU1JmdC81CgECUz7t5dPf9oZd', 'Size': '130024'}>
2021-10-22 07:16:10 <ipfshttpclient.client.base.ResponseBase: {'Name': 'model.pt', 'Hash': 'QmQN7tCJNC6qJvN53yvYMF3E1TE5vY7ffWcWB8cgX2iEBZ', 'Size': '130024'}>
2021-10-22 07:18:08 <ipfshttpclient.client.base.ResponseBase: {'Name': 'model.pt', 'Hash': 'QmVxGNVatAeiiqe7XaidA3sAe9k91RW4fUcNbzHQUKKaSc', 'Size': '130024'}>
2021-10-22 07:20:06 <ipfshttpclient.client.base.ResponseBase: {'Name': 'model.pt', 'Hash': 'QmdhpwuASrGw37CcEhyCfYDwhXYNCTXfPvft2xMMUSJf4d', 'Size': '130024'}>
2021-10-22 07:22:02 <ipfshttpclient.client.base.ResponseBase: {'Name': 'model.pt', 'Hash': 'QmbFWVwZauzhueSghbCisvKjqFCGJFfr2meqQCHwjwJexN', 'Size': '130024'}>
2021-10-22 07:23:59 <ipfshttpclient.client.base.ResponseBase: {'Name': 'model.pt', 'Hash': 'QmNSLoaVH3hhpwUScLQdmfM9LKyZwrQtDRH3YU17gHx6yz', 'Size': '130024'}>
2021-10-22 07:25:58 <ipfshttpclient.client.base.ResponseBase: {'Name': 'model.pt', 'Hash': 'QmbmARNr9mXsgzrEvRxnFm3FLmasUeSoYGqtQTPf4JcJjf', 'Size': '130024'}>
2021-10-22 07:27:57 <ipfshttpclient.client.base.ResponseBase: {'Name': 'model.pt', 'Hash': 'QmTHV3HMrfsrKPUvL8ad1MiYFcBMyw46Csnc4pjXBopNwb', 'Size': '130024'}>
2021-10-22 07:29:54 <ipfshttpclient.client.base.ResponseBase: {'Name': 'model.pt', 'Hash': 'QmRhMKE3LCPVZGqnNSRCuNGRLmXTpuvgYX65orT5dyHVBv', 'Size': '130024'}>
2021-10-22 07:31:52 <ipfshttpclient.client.base.ResponseBase: {'Name': 'model.pt', 'Hash': 'QmQb5J8ndAZd7uB6uhgfr3SCZThc19chZif651ns51w3zC', 'Size': '130024'}>
2021-10-22 07:33:50 <ipfshttpclient.client.base.ResponseBase: {'Name': 'model.pt', 'Hash': 'QmZ9eq7WXB5GSqv5M7SS8Ththb33g8p8WCjfYrhNXSHBHv', 'Size': '130024'}>
2021-10-22 07:35:46 <ipfshttpclient.client.base.ResponseBase: {'Name': 'model.pt', 'Hash': 'QmXQsWGYWUfZWC68dFk57Sjoo84FNweEUgN9gnzqbxuyj1', 'Size': '130024'}>
2021-10-22 07:37:42 <ipfshttpclient.client.base.ResponseBase: {'Name': 'model.pt', 'Hash': 'QmeXHXFi9EZfMdQCxEBeV2A2ebApcRpu5GgAv7nqgi5Uc1', 'Size': '130024'}>
2021-10-22 07:39:41 <ipfshttpclient.client.base.ResponseBase: {'Name': 'model.pt', 'Hash': 'QmRcXks6J2vgWmHVvqhgq8KF9tj15pycydYWkrenKy39t5', 'Size': '130024'}>
2021-10-22 07:41:41 <ipfshttpclient.client.base.ResponseBase: {'Name': 'model.pt', 'Hash': 'QmazR8NJoAoeDwdC3pgQZjCyRz3zZcqBJeLhQtjuKxsW9n', 'Size': '130024'}>
2021-10-22 07:43:39 <ipfshttpclient.client.base.ResponseBase: {'Name': 'model.pt', 'Hash': 'QmcA6pe6QjrhBQxEMaoEtQHRqfdx83Gyh5WzU2vRwkeZrB', 'Size': '130024'}>
2021-10-22 07:45:37 <ipfshttpclient.client.base.ResponseBase: {'Name': 'model.pt', 'Hash': 'QmdTVy2JjAQ6HR9ih88q2B3KycHuqptBwagLz4GrhBn9JC', 'Size': '130024'}>
2021-10-22 07:47:36 <ipfshttpclient.client.base.ResponseBase: {'Name': 'model.pt', 'Hash': 'QmXTx4AbMrGEda8fJywKqxnR1JpZhz916kiyz5Nm1rnZTD', 'Size': '130024'}>
2021-10-22 07:49:37 <ipfshttpclient.client.base.ResponseBase: {'Name': 'model.pt', 'Hash': 'QmTtiDTcqpZfGuzvy7GWbvDS8BFet9PYXKpi1RS1HvZTop', 'Size': '130024'}>
2021-10-22 07:51:37 <ipfshttpclient.client.base.ResponseBase: {'Name': 'model.pt', 'Hash': 'QmfCF5GnEDRJNwPVCmrxFLqP3qoLNTdnDbcm9PgzqaeKRX', 'Size': '130024'}>
2021-10-22 07:53:33 <ipfshttpclient.client.base.ResponseBase: {'Name': 'model.pt', 'Hash': 'QmVQMnwXoi5nj6YNTQmThCCsopBv7qzjKYfW8pQMvBDFiB', 'Size': '130024'}>
2021-10-22 07:55:32 <ipfshttpclient.client.base.ResponseBase: {'Name': 'model.pt', 'Hash': 'QmSE9SfFPmSJso31xqt3sijJJJJb1bZDX8ZfG5nSH5ZbBQ', 'Size': '130024'}>
2021-10-22 07:57:31 <ipfshttpclient.client.base.ResponseBase: {'Name': 'model.pt', 'Hash': 'QmXdpiUXjS9adaecuYcQqa5JgwY5ncSaNDoBaxPWAFwhgf', 'Size': '130024'}>
2021-10-22 07:59:30 <ipfshttpclient.client.base.ResponseBase: {'Name': 'model.pt', 'Hash': 'QmUD64Noez9rbkzoVuYFUCcSKCwXtdUR3JJGJGYSaHuvN1', 'Size': '130024'}>
2021-10-22 08:01:25 <ipfshttpclient.client.base.ResponseBase: {'Name': 'model.pt', 'Hash': 'QmSEmRrptEiL9vYQDvY1khUCNtGoCQZtsCXzVj3y27m19U', 'Size': '130024'}>
2021-10-22 08:03:25 <ipfshttpclient.client.base.ResponseBase: {'Name': 'model.pt', 'Hash': 'QmdemqXbRSTiEXvzHd6A4uxuKsV7J8MJnhU2bwwp1AzNoE', 'Size': '130024'}>
2021-10-22 08:05:24 <ipfshttpclient.client.base.ResponseBase: {'Name': 'model.pt', 'Hash': 'QmYu4qK8YFhcNQNHPJYhMKwx5sEKVBPk3pLDGaY35vkFrg', 'Size': '130024'}>
2021-10-22 08:07:23 <ipfshttpclient.client.base.ResponseBase: {'Name': 'model.pt', 'Hash': 'QmUVzySqeEUrCDtr38WVhH4YBFiQm2ts8PetLHeUbw5MJW', 'Size': '130024'}>
2021-10-22 08:09:20 <ipfshttpclient.client.base.ResponseBase: {'Name': 'model.pt', 'Hash': 'QmWh5QVaXZ1CGb1q9ZLEYn5qC4hAGnTkraqRTCWGKCGrB4', 'Size': '130024'}>
2021-10-22 08:11:18 <ipfshttpclient.client.base.ResponseBase: {'Name': 'model.pt', 'Hash': 'QmTPHn3GU96wxsUJKhcWFUMiFNHduxKfsq34YfBtXTfZj5', 'Size': '130024'}>
2021-10-22 08:13:15 <ipfshttpclient.client.base.ResponseBase: {'Name': 'model.pt', 'Hash': 'QmQtBFFUjXxPf6tycB7N2WtaxPVLLj77HGpaaavsvVAKG2', 'Size': '130024'}>
2021-10-22 08:15:12 <ipfshttpclient.client.base.ResponseBase: {'Name': 'model.pt', 'Hash': 'QmbGMJXcniQHvpSYr1KRkZUhQRMCZMJAySsqmxbt3EfYcP', 'Size': '130024'}>
2021-10-22 08:17:08 <ipfshttpclient.client.base.ResponseBase: {'Name': 'model.pt', 'Hash': 'QmYaWhpUHu5mCxb9Gqj24mtULSFEdRgHvDkEKGgpwc1JEK', 'Size': '130024'}>
2021-10-22 08:19:06 <ipfshttpclient.client.base.ResponseBase: {'Name': 'model.pt', 'Hash': 'QmTJUGrLuJiRm6ckXZ7x3KxUd79umcP55q6SGrCeGWsbCx', 'Size': '130024'}>
2021-10-22 08:21:07 <ipfshttpclient.client.base.ResponseBase: {'Name': 'model.pt', 'Hash': 'QmWV71qKDMprH7jNg5BviqrY8h5d4SKCTCA7i3qbSTBsiz', 'Size': '130024'}>
2021-10-22 08:23:03 <ipfshttpclient.client.base.ResponseBase: {'Name': 'model.pt', 'Hash': 'QmU5ZKFiuj4sSqmENmyoZrobaYeUkuDTFZwWWzzXUwoTCo', 'Size': '130024'}>
2021-10-22 08:25:00 <ipfshttpclient.client.base.ResponseBase: {'Name': 'model.pt', 'Hash': 'QmS9A1xGigEqpDe9qeh7rqMK1jFv9rbzRhXiKsqgkz4L8u', 'Size': '130024'}>
2021-10-22 08:27:01 <ipfshttpclient.client.base.ResponseBase: {'Name': 'model.pt', 'Hash': 'QmW74ga8SNuwWzS7mabv5JRbYVVnmMZ4Ee3CHpViGRBvrK', 'Size': '130024'}>
2021-10-22 08:28:58 <ipfshttpclient.client.base.ResponseBase: {'Name': 'model.pt', 'Hash': 'QmP9GYFpETDuSPykR3SwiKGdGAsjJqah6JJjKNM1RkngpL', 'Size': '130024'}>
2021-10-22 08:30:57 <ipfshttpclient.client.base.ResponseBase: {'Name': 'model.pt', 'Hash': 'QmSUt7a14i2ST9c62C6RD4Qzcz4ruijrCFMG1hvByGPo44', 'Size': '130024'}>
2021-10-22 08:32:54 <ipfshttpclient.client.base.ResponseBase: {'Name': 'model.pt', 'Hash': 'QmNcJRjcijYC21sPnSZ7VsJPhtsnpS5hDBnpieNveU9oxP', 'Size': '130024'}>
2021-10-22 08:34:52 <ipfshttpclient.client.base.ResponseBase: {'Name': 'model.pt', 'Hash': 'QmTogRC5Czbe72c6xczJQyK9UeVYrCsstygD78RE6VxLuT', 'Size': '130024'}>
2021-10-22 08:36:50 <ipfshttpclient.client.base.ResponseBase: {'Name': 'model.pt', 'Hash': 'QmQGwLGa5r6A1iBYs4zfdFjtkGv7vziY1qX4YtT7WM75fx', 'Size': '130024'}>
2021-10-22 08:38:47 <ipfshttpclient.client.base.ResponseBase: {'Name': 'model.pt', 'Hash': 'QmRqY2nvbXKNTYKNRebmm7yNiuzCQQrCN3EPP2UepmhyeN', 'Size': '130024'}>
2021-10-22 08:40:46 <ipfshttpclient.client.base.ResponseBase: {'Name': 'model.pt', 'Hash': 'QmNgRCPB73H6b8h8wG9ZkwH4MYmoe2oSdYiXdE9mMv8Q7r', 'Size': '130024'}>
2021-10-22 08:42:45 <ipfshttpclient.client.base.ResponseBase: {'Name': 'model.pt', 'Hash': 'QmSEexiBwkmNuNu7EbYEDADq2yQ1ueoiH9ccHFdkFTVtmc', 'Size': '130024'}>
2021-10-22 08:44:44 <ipfshttpclient.client.base.ResponseBase: {'Name': 'model.pt', 'Hash': 'QmNXWJaG8aaRvs2WLSxtWLRvPosZ8eqcvAa5EoAZo6ZinA', 'Size': '130024'}>
2021-10-22 08:46:40 <ipfshttpclient.client.base.ResponseBase: {'Name': 'model.pt', 'Hash': 'QmSMpuC7cEitcFTBjf4BG5dCp53YPcVHFJaFx4Puhyhtsi', 'Size': '130024'}>
2021-10-22 08:48:40 <ipfshttpclient.client.base.ResponseBase: {'Name': 'model.pt', 'Hash': 'QmeT8YdX8akaScvLtzdEVcdTcUvAATDnfS26vvpG1K9epH', 'Size': '130024'}>
2021-10-22 08:50:38 <ipfshttpclient.client.base.ResponseBase: {'Name': 'model.pt', 'Hash': 'QmbZdZy1DgPT1syVoP1CUEcBj3vqhTgSsV5js9LsZvyJGM', 'Size': '130024'}>
2021-10-22 08:52:36 <ipfshttpclient.client.base.ResponseBase: {'Name': 'model.pt', 'Hash': 'QmP5ovpFNm2wCM89rE3jFQChZrcnzAgSCt3PHdvUsjb7f5', 'Size': '130024'}>
2021-10-22 08:54:39 <ipfshttpclient.client.base.ResponseBase: {'Name': 'model.pt', 'Hash': 'QmPS94W5NSP9XpMHcei1BXgfEYgTbLUWWu6TPHKSHqoRMd', 'Size': '130024'}>
2021-10-22 08:56:37 <ipfshttpclient.client.base.ResponseBase: {'Name': 'model.pt', 'Hash': 'QmfWs9aCNverqGQHPNGYf5LZTAmCr1dYFzHJckB2uU8XaT', 'Size': '130024'}>
2021-10-22 08:58:36 <ipfshttpclient.client.base.ResponseBase: {'Name': 'model.pt', 'Hash': 'QmNNHyaEkUstoqS4fXqLapV15F6cPSFwLdhszxTaApT5UC', 'Size': '130024'}>
2021-10-22 09:00:34 <ipfshttpclient.client.base.ResponseBase: {'Name': 'model.pt', 'Hash': 'QmPGTXTDSGmD3RX5Ze5gbkETqKD8yCf1ZCDjqCHX7YHRNF', 'Size': '130024'}>
2021-10-22 09:02:30 <ipfshttpclient.client.base.ResponseBase: {'Name': 'model.pt', 'Hash': 'Qma5gKfFvz9XSQb2dj8Yycg5CGepcHnmWBUgNcnQdVwU8X', 'Size': '130024'}>
2021-10-22 09:04:28 <ipfshttpclient.client.base.ResponseBase: {'Name': 'model.pt', 'Hash': 'QmWoTUKH2FUrGwScfkvWKnz372wuoeoneSjXgZtBK8ido6', 'Size': '130024'}>
2021-10-22 09:06:27 <ipfshttpclient.client.base.ResponseBase: {'Name': 'model.pt', 'Hash': 'QmYGZx8r3tdun5zAz9JQ21FowC4u85E1wy54B3uXSBGKPB', 'Size': '130024'}>
2021-10-22 09:08:23 <ipfshttpclient.client.base.ResponseBase: {'Name': 'model.pt', 'Hash': 'QmYzCFPSc2Em3EtZuBcEZMvpK86wK1iXENHC7RqKkgodwN', 'Size': '130024'}>
2021-10-22 09:10:22 <ipfshttpclient.client.base.ResponseBase: {'Name': 'model.pt', 'Hash': 'QmSkNQw4J4FFX23uMYBFgCTRewzumTAPVrUQWm1NjM1JP8', 'Size': '130024'}>
2021-10-22 09:12:20 <ipfshttpclient.client.base.ResponseBase: {'Name': 'model.pt', 'Hash': 'QmPf4kNV5yVLqCVRAr9FbA8G4Ljh9Cn6HszV38PZ2j6kHV', 'Size': '130024'}>
2021-10-22 09:14:20 <ipfshttpclient.client.base.ResponseBase: {'Name': 'model.pt', 'Hash': 'QmeyRG5tobuMagqgRWLGmZAFFhVG3kpRP7WdMyUmrXKU6D', 'Size': '130024'}>
2021-10-22 09:16:19 <ipfshttpclient.client.base.ResponseBase: {'Name': 'model.pt', 'Hash': 'QmUc1ryLBTjEW23ZLLcX7ZL3P739rtwqfMv7fNRwGREH7o', 'Size': '130024'}>
2021-10-22 09:18:17 <ipfshttpclient.client.base.ResponseBase: {'Name': 'model.pt', 'Hash': 'QmYUNMJhSfpTuwbJZcRvyv1yBDZSB6Fq3SBgjQstt3dLs8', 'Size': '130024'}>
2021-10-22 09:20:17 <ipfshttpclient.client.base.ResponseBase: {'Name': 'model.pt', 'Hash': 'QmNyTP55rxsPFi81QyopwDwXMr6EvBwLjQqhwgkzJzkPpC', 'Size': '130024'}>
2021-10-22 09:22:13 <ipfshttpclient.client.base.ResponseBase: {'Name': 'model.pt', 'Hash': 'QmYPNANbYYKccbryNtkSjiyqG7Qar2Vcz3wFLtNKMZ558D', 'Size': '130024'}>
2021-10-22 09:24:14 <ipfshttpclient.client.base.ResponseBase: {'Name': 'model.pt', 'Hash': 'QmewG43C5pqCiaEpmvf2MFgzCCPdU3QLEy5sLGA6KTFYax', 'Size': '130024'}>
2021-10-22 09:26:11 <ipfshttpclient.client.base.ResponseBase: {'Name': 'model.pt', 'Hash': 'QmYJLG9wRkMqgyZdYSKdVRakTh8WiL6qK3b3gZavszUFEj', 'Size': '130024'}>
2021-10-22 09:28:10 <ipfshttpclient.client.base.ResponseBase: {'Name': 'model.pt', 'Hash': 'Qmf5MDNHCe1B9gZuRS5Dtb4Gt5nt3tQr5ErMDcPmrSjrKp', 'Size': '130024'}>
2021-10-22 09:30:07 <ipfshttpclient.client.base.ResponseBase: {'Name': 'model.pt', 'Hash': 'QmYdNeq4BRvk4eFELzZiGDN4tDgZrFHWAtnquLRjzzP1qc', 'Size': '130024'}>
2021-10-22 09:32:04 <ipfshttpclient.client.base.ResponseBase: {'Name': 'model.pt', 'Hash': 'QmS5njZYqH8fFhQnroY4XZDmgptHhvFT8eQwSzjqzpZ5y3', 'Size': '130024'}>
2021-10-22 09:33:58 <ipfshttpclient.client.base.ResponseBase: {'Name': 'model.pt', 'Hash': 'QmNu6zKYYTigXUGhHwSmCsdk7KzFdr2aTmH8zjkdyVxcYp', 'Size': '130024'}>
2021-10-22 09:35:56 <ipfshttpclient.client.base.ResponseBase: {'Name': 'model.pt', 'Hash': 'QmRxYDaz2Ce9MSCe9z7JQzMc4arHqjwcKuRMpCMmrogTNe', 'Size': '130024'}>
2021-10-22 09:37:55 <ipfshttpclient.client.base.ResponseBase: {'Name': 'model.pt', 'Hash': 'QmX8d9xodcnkwCumWAx9xVC8d1vczcqAxMNrGmx9QP4DTv', 'Size': '130024'}>
2021-10-22 09:39:54 <ipfshttpclient.client.base.ResponseBase: {'Name': 'model.pt', 'Hash': 'QmaBPEhveP6pCWrK7hxAZKcoqeYz6KUgGqhseDwL9BW1Gu', 'Size': '130024'}>
2021-10-22 09:41:52 <ipfshttpclient.client.base.ResponseBase: {'Name': 'model.pt', 'Hash': 'QmS1ShrVjHoSb2wRkXDcZNBc1eitxxzgmLPt1JUqtBP2fj', 'Size': '130024'}>
2021-10-22 09:43:50 <ipfshttpclient.client.base.ResponseBase: {'Name': 'model.pt', 'Hash': 'QmRt4YFsrMKNTZCMFdBg8D3Vkx2j9XgY1T3AoduXLLHTSn', 'Size': '130024'}>
2021-10-22 09:45:49 <ipfshttpclient.client.base.ResponseBase: {'Name': 'model.pt', 'Hash': 'QmVZw5sXvLNmtRhfXbWrgkztHdscdTnPB7JzjNdoJnh6pR', 'Size': '130024'}>
2021-10-22 09:47:47 <ipfshttpclient.client.base.ResponseBase: {'Name': 'model.pt', 'Hash': 'QmS8662tZiSuXfymqPLX2ZgvfXX9tuQ6kARZDD6TrwXstY', 'Size': '130024'}>
2021-10-22 09:49:42 <ipfshttpclient.client.base.ResponseBase: {'Name': 'model.pt', 'Hash': 'Qmb2ZjF6VQ8914cKG4CtAxT6Fd8dxS1PQFdZkwQ7nDxrhe', 'Size': '130024'}>
2021-10-22 09:51:39 <ipfshttpclient.client.base.ResponseBase: {'Name': 'model.pt', 'Hash': 'QmWYta8A85sQHnm6JiBhYxNX5Uu6XtHy1ajfCBQyHNu4fF', 'Size': '130024'}>
2021-10-22 09:53:37 <ipfshttpclient.client.base.ResponseBase: {'Name': 'model.pt', 'Hash': 'QmZ5JCoVdPfveQs64NenvbdYYRcAHBezqq4gWU1Ns2dHwk', 'Size': '130024'}>
2021-10-22 09:55:38 <ipfshttpclient.client.base.ResponseBase: {'Name': 'model.pt', 'Hash': 'QmcGUpPRpZ8LamoPoxx6yv1CLvbKqNnQ2iUTQtsjoNDVhq', 'Size': '130024'}>
2021-10-22 09:57:37 <ipfshttpclient.client.base.ResponseBase: {'Name': 'model.pt', 'Hash': 'QmTDpF1f61v5ub5zpMWfMxPMdB3D3pq5WnqarHFNsXo8HW', 'Size': '130024'}>
2021-10-22 09:59:35 <ipfshttpclient.client.base.ResponseBase: {'Name': 'model.pt', 'Hash': 'QmdSSKhDC4VHzhHExQrjnB3JVmpyTd2hdNLXgjth8kXVsY', 'Size': '130024'}>
2021-10-22 10:01:31 <ipfshttpclient.client.base.ResponseBase: {'Name': 'model.pt', 'Hash': 'Qmc3mKmshFYgWVHLQd9ACAFcRLoHue4bs65Gd41N7vjtLo', 'Size': '130024'}>
2021-10-22 10:03:30 <ipfshttpclient.client.base.ResponseBase: {'Name': 'model.pt', 'Hash': 'QmY6ARF3jKiHKRPqMxRjXvdS6GCN655F1gmt112VzfUFPj', 'Size': '130024'}>
2021-10-22 10:05:29 <ipfshttpclient.client.base.ResponseBase: {'Name': 'model.pt', 'Hash': 'QmPcvi6ZjE2BRsTfhBCWX9MY3edRxD8F7k5UEVMAejXk8L', 'Size': '130024'}>
2021-10-22 10:07:26 <ipfshttpclient.client.base.ResponseBase: {'Name': 'model.pt', 'Hash': 'QmWQUZ7kykaYpjWYJPDyWAmdHChnjUbaDYWAdy2HTzLmdi', 'Size': '130024'}>
2021-10-22 10:09:24 <ipfshttpclient.client.base.ResponseBase: {'Name': 'model.pt', 'Hash': 'Qmb5jiVKmjzv5ENxLwKAKA3W6bqjrdUCMF2tzdEMPEoqUX', 'Size': '130024'}>
2021-10-22 10:11:20 <ipfshttpclient.client.base.ResponseBase: {'Name': 'model.pt', 'Hash': 'QmNdNmLDh3sQrtgYzQdTKfUnHHqzh617NdjYoqZfmkz18K', 'Size': '130024'}>
2021-10-22 10:13:15 <ipfshttpclient.client.base.ResponseBase: {'Name': 'model.pt', 'Hash': 'QmURsrPijh7uHjfXDMf14LZBPdBeeZaHqfiRzT9pW282yN', 'Size': '130024'}>
2021-10-22 10:15:10 <ipfshttpclient.client.base.ResponseBase: {'Name': 'model.pt', 'Hash': 'QmXRaBRZhtm3GxioX2naBCwZ9sRrUiVNg3zN8u8YQXrAKL', 'Size': '130024'}>
2021-10-22 10:17:06 <ipfshttpclient.client.base.ResponseBase: {'Name': 'model.pt', 'Hash': 'QmNx93hihcubZsey8QyUW226UyXysNrNbjMauCWrRMWLmB', 'Size': '130024'}>
2021-10-22 10:19:05 <ipfshttpclient.client.base.ResponseBase: {'Name': 'model.pt', 'Hash': 'QmUw7n3QxxnjvVX4BdeyyyaSCXBrQR2QUZryRjF6bhoU4f', 'Size': '130024'}>
2021-10-22 10:21:04 <ipfshttpclient.client.base.ResponseBase: {'Name': 'model.pt', 'Hash': 'QmNSCNepAer34Krz5FP2timD9xd7sEHpdE1c9wHM4XPE18', 'Size': '130024'}>
2021-10-22 10:23:00 <ipfshttpclient.client.base.ResponseBase: {'Name': 'model.pt', 'Hash': 'QmRC1iGUhDdQp2JE8wfYJUp3asPLqobRd2vtSqoRvxV6JH', 'Size': '130024'}>
2021-10-22 10:24:55 <ipfshttpclient.client.base.ResponseBase: {'Name': 'model.pt', 'Hash': 'QmTDVBYdmZBY6TCBNGNK5ko8wYJVXkwdfEFxd52zsHiJ8Y', 'Size': '130024'}>
2021-10-22 10:26:52 <ipfshttpclient.client.base.ResponseBase: {'Name': 'model.pt', 'Hash': 'QmVCxxsWXS2sQzydmHrruRY2AWieX2dquvibtNUKnAytZK', 'Size': '130024'}>
2021-10-22 10:28:52 <ipfshttpclient.client.base.ResponseBase: {'Name': 'model.pt', 'Hash': 'QmczvqNufrE4JW9CmQEKe4P3Cpkep8VrFiRQyfstVumeQM', 'Size': '130024'}>
2021-10-22 10:30:53 <ipfshttpclient.client.base.ResponseBase: {'Name': 'model.pt', 'Hash': 'QmVGupGrHwKoPEoE5XWM3eiykrA1rMqcTNjAzBcQR23fe8', 'Size': '130024'}>
2021-10-22 10:32:49 <ipfshttpclient.client.base.ResponseBase: {'Name': 'model.pt', 'Hash': 'QmUdjGAVS8MhVkLYjyhWh59g4nAKMafrdV2h12rZCwEu6i', 'Size': '130024'}>
2021-10-22 10:34:46 <ipfshttpclient.client.base.ResponseBase: {'Name': 'model.pt', 'Hash': 'QmWBkW9y2t3MSGMiEZd4YHRzJv758CAuFjdvtwFKEYzVaJ', 'Size': '130024'}>
2021-10-22 10:36:45 <ipfshttpclient.client.base.ResponseBase: {'Name': 'model.pt', 'Hash': 'QmQ6as1KD4EjBA8aePuZfa83FbsV3rdbPk2hxMo7wi7j9K', 'Size': '130024'}>
2021-10-22 10:38:42 <ipfshttpclient.client.base.ResponseBase: {'Name': 'model.pt', 'Hash': 'QmZK4VeMcpkNsdrWWs1zJkz5mvtkEeqaJ6BLct2putAsU5', 'Size': '130024'}>
2021-10-22 10:40:40 <ipfshttpclient.client.base.ResponseBase: {'Name': 'model.pt', 'Hash': 'QmZ8ygwsuXvNeQtWVy82UKSRTqqxZPmfdmnfBLtadJYB1C', 'Size': '130024'}>
2021-10-22 10:42:36 <ipfshttpclient.client.base.ResponseBase: {'Name': 'model.pt', 'Hash': 'Qmf2b65VMqNNqCPzrKLtG3hvVYwVmo5WvCZEemhYk3EQfL', 'Size': '130024'}>
2021-10-22 10:44:33 <ipfshttpclient.client.base.ResponseBase: {'Name': 'model.pt', 'Hash': 'QmRbAQesGEXbqQ2FNcX5eUa2PFgzWoNSxJnakfQtbUsG8u', 'Size': '130024'}>
2021-10-22 10:46:32 <ipfshttpclient.client.base.ResponseBase: {'Name': 'model.pt', 'Hash': 'QmPpitq3g6M34K2dBhvBLCKZNVar6FPFTB8DWWGw3gVgcd', 'Size': '130024'}>
2021-10-22 10:48:27 <ipfshttpclient.client.base.ResponseBase: {'Name': 'model.pt', 'Hash': 'QmR8rRY1xj1dgg63MN6RZMqVgKVvTC4yjnTjKYbuDjqkmJ', 'Size': '130024'}>
2021-10-22 10:50:23 <ipfshttpclient.client.base.ResponseBase: {'Name': 'model.pt', 'Hash': 'QmdkumtGEYhVyMmaJsq8zn4WZ9eW8cKKSjAR2j4fxcGfmR', 'Size': '130024'}>
2021-10-22 10:52:18 <ipfshttpclient.client.base.ResponseBase: {'Name': 'model.pt', 'Hash': 'Qme6ZPxJQDuU8pur6HGNxZ6yRFnqCzJ8zXcUm9sFwsAfrR', 'Size': '130024'}>
2021-10-22 10:54:16 <ipfshttpclient.client.base.ResponseBase: {'Name': 'model.pt', 'Hash': 'QmTs8HMQoQE63f49sFwhSDzpiGres2DhzQh7tYDLa5GiT6', 'Size': '130024'}>
2021-10-22 10:56:13 <ipfshttpclient.client.base.ResponseBase: {'Name': 'model.pt', 'Hash': 'QmPL2KwAZDhUSMN3nvxknn3gjtpvHwdQzHd5RuTn69fAmH', 'Size': '130024'}>
2021-10-22 10:58:09 <ipfshttpclient.client.base.ResponseBase: {'Name': 'model.pt', 'Hash': 'QmV1UQFKRQuN6TL7VC3at7FKok8j1phmpeKxdzeQJvRj6V', 'Size': '130024'}>
2021-10-22 11:00:07 <ipfshttpclient.client.base.ResponseBase: {'Name': 'model.pt', 'Hash': 'QmWoubuFHtYcS2zvE3CWfJo77q2WmBrX5htS5tCS9eagkg', 'Size': '130024'}>
2021-10-22 11:02:07 <ipfshttpclient.client.base.ResponseBase: {'Name': 'model.pt', 'Hash': 'QmSZEPL84mK4UNUmz3MexcMikhNg6qm1U6Vq6fVBrddWPq', 'Size': '130024'}>
2021-10-22 11:04:05 <ipfshttpclient.client.base.ResponseBase: {'Name': 'model.pt', 'Hash': 'QmQrVavxmTCydbjEyJpVhQmAMN1c594aeZJwkVS4RFazhC', 'Size': '130024'}>
2021-10-22 11:06:07 <ipfshttpclient.client.base.ResponseBase: {'Name': 'model.pt', 'Hash': 'QmP77Wd8biJYgYr1UfK95nmnJm1xNA9MNxNXXt8WTQDqh3', 'Size': '130024'}>
2021-10-22 11:08:04 <ipfshttpclient.client.base.ResponseBase: {'Name': 'model.pt', 'Hash': 'QmSzj28wmM3XvThWnpiKVV36sxMVxuK4DdmSFp1HWY6ahk', 'Size': '130024'}>
2021-10-22 11:10:03 <ipfshttpclient.client.base.ResponseBase: {'Name': 'model.pt', 'Hash': 'QmXz71a5K7sJQTYFadBUaDako94Xhc9iMcb1x4WNk8RkER', 'Size': '130024'}>
2021-10-22 11:12:01 <ipfshttpclient.client.base.ResponseBase: {'Name': 'model.pt', 'Hash': 'QmZnas9VGKnfVFA4Hsq3oRwJjhkuWdWKL3m1wau7NAFDE5', 'Size': '130024'}>
2021-10-22 11:14:01 <ipfshttpclient.client.base.ResponseBase: {'Name': 'model.pt', 'Hash': 'Qmc3aUQJk2pTpz5dZWvcejBpgX9Q6b9d7EUSM1uGKKPw1E', 'Size': '130024'}>
2021-10-22 11:15:58 <ipfshttpclient.client.base.ResponseBase: {'Name': 'model.pt', 'Hash': 'QmSXLekS1Q77TifMTVD3SYyNEp24uwnc5B7zP7o77A9t4N', 'Size': '130024'}>
2021-10-22 11:17:57 <ipfshttpclient.client.base.ResponseBase: {'Name': 'model.pt', 'Hash': 'QmYaP62dDasREEnGRcCrVBeDWAbEM13W94W62Lu1E1afcr', 'Size': '130024'}>
2021-10-22 11:19:53 <ipfshttpclient.client.base.ResponseBase: {'Name': 'model.pt', 'Hash': 'QmRqKDrTDszVENUEXDjVLWubexnoSdf7kgUQVc6tKaUDNj', 'Size': '130024'}>
2021-10-22 11:21:54 <ipfshttpclient.client.base.ResponseBase: {'Name': 'model.pt', 'Hash': 'QmTM9f9EBrCSRjrZrFwbMjUsUAUJCbmC6ymKXdySByhy3U', 'Size': '130024'}>
2021-10-22 11:23:53 <ipfshttpclient.client.base.ResponseBase: {'Name': 'model.pt', 'Hash': 'QmU4mo6qGXmkPTfkDGEFTZ9iioypFbeHQDLhBM3cksuPUe', 'Size': '130024'}>
2021-10-22 11:25:51 <ipfshttpclient.client.base.ResponseBase: {'Name': 'model.pt', 'Hash': 'QmaAckp5rdu8HxggBScTdsXSszgH6QnpZzKMfMCL6Uktfj', 'Size': '130024'}>
2021-10-22 11:27:50 <ipfshttpclient.client.base.ResponseBase: {'Name': 'model.pt', 'Hash': 'QmaSuXyXCPt3e7QaCLaZhkeSpsa8159CBHoRxafWtMxZem', 'Size': '130024'}>
2021-10-22 11:29:52 <ipfshttpclient.client.base.ResponseBase: {'Name': 'model.pt', 'Hash': 'QmUArYXM6HVAVvze7eow2yRxFXjUgsnDheacNZhVbfZeNX', 'Size': '130024'}>
2021-10-22 11:31:49 <ipfshttpclient.client.base.ResponseBase: {'Name': 'model.pt', 'Hash': 'QmPmHeE3PVLcvH7vBXJpxuhSjDRE7mnTLKiQxNAYHJTGHB', 'Size': '130024'}>
2021-10-22 11:33:48 <ipfshttpclient.client.base.ResponseBase: {'Name': 'model.pt', 'Hash': 'QmTZvKYtBhEnMJF3szJHtPAXSnFUBMWR2wLzXS9iRBbuBA', 'Size': '130024'}>
2021-10-22 11:35:44 <ipfshttpclient.client.base.ResponseBase: {'Name': 'model.pt', 'Hash': 'Qme4n1PgQBZ8j5ijLwgTvm2N3uGs8EKcGQgjyG1AZnmCiE', 'Size': '130024'}>
2021-10-22 11:37:40 <ipfshttpclient.client.base.ResponseBase: {'Name': 'model.pt', 'Hash': 'QmUewZFb3F1wwpmnA1KMP5ik7Dg1H5qDQy7hkQqteDhWEM', 'Size': '130024'}>
2021-10-22 11:39:40 <ipfshttpclient.client.base.ResponseBase: {'Name': 'model.pt', 'Hash': 'QmXyQaWRffcPcAfDeSkoGZHEje29XuN3ZrhoibkTwiEoPC', 'Size': '130024'}>
2021-10-22 11:41:39 <ipfshttpclient.client.base.ResponseBase: {'Name': 'model.pt', 'Hash': 'QmWJCKhhXyx6ufrj7NJ8ERe6Q7yBeTKNt1WV93XBpccoR5', 'Size': '130024'}>
2021-10-22 11:43:39 <ipfshttpclient.client.base.ResponseBase: {'Name': 'model.pt', 'Hash': 'QmWsWB4eUrz5vodyYs8E6kPGmtsDZrbz1QvF5L3XYvyB4Q', 'Size': '130024'}>
2021-10-22 11:45:36 <ipfshttpclient.client.base.ResponseBase: {'Name': 'model.pt', 'Hash': 'QmbFNqd2RtvwVu8sYLgWL68ZSp6cZLVFFiyrBq95KXDbKa', 'Size': '130024'}>
2021-10-22 11:47:33 <ipfshttpclient.client.base.ResponseBase: {'Name': 'model.pt', 'Hash': 'QmckUN4wnY2Wy2yxwBZnKFmkrDUZqQZsibK6BFSGAEXueG', 'Size': '130024'}>
2021-10-22 11:49:29 <ipfshttpclient.client.base.ResponseBase: {'Name': 'model.pt', 'Hash': 'QmRnkFHpuijLFR1CYnAe9v3Wnjq81rFdtjkw3YmV6KNQYn', 'Size': '130024'}>
2021-10-22 11:51:26 <ipfshttpclient.client.base.ResponseBase: {'Name': 'model.pt', 'Hash': 'QmaAf7unKioqxBXuafPPUp6y1p4RwyPQM3wQAJo9rhB6UP', 'Size': '130024'}>
2021-10-22 11:53:25 <ipfshttpclient.client.base.ResponseBase: {'Name': 'model.pt', 'Hash': 'QmQPFHGf1trXATpr6UCK662MwBn9Ged8nuT7BKrwMsgCaX', 'Size': '130024'}>
2021-10-22 11:55:23 <ipfshttpclient.client.base.ResponseBase: {'Name': 'model.pt', 'Hash': 'QmVZeVG8NtgnHUAJn7TUd2jFq6WfjzUQ2yKhXncNmbenyC', 'Size': '130024'}>
2021-10-22 11:57:20 <ipfshttpclient.client.base.ResponseBase: {'Name': 'model.pt', 'Hash': 'QmeD7u8S4j3jcJxLmycYokt5K9L3LS86Kwa9BshgKpfnWJ', 'Size': '130024'}>
2021-10-22 11:59:20 <ipfshttpclient.client.base.ResponseBase: {'Name': 'model.pt', 'Hash': 'QmUkVA9dYd2joBDEviCxK7ggGHmF7XYEVtA1JAD2TM3L77', 'Size': '130024'}>
2021-10-22 12:01:16 <ipfshttpclient.client.base.ResponseBase: {'Name': 'model.pt', 'Hash': 'QmabuTDooHvEGegUJc97McBBpx4iE98DBuBXtEYYZgtWR8', 'Size': '130024'}>
