1634826684
1634826813
1634826932
1634827052
1634827172
1634827290
1634827410
1634827526
1634827643
1634827760
1634827877
1634827993
1634828112
1634828228
1634828346
1634828462
1634828579
1634828699
1634828816
1634828935
1634829052
1634829171
1634829290
1634829409
1634829527
1634829643
1634829760
1634829878
1634829995
1634830115
1634830231
1634830348
1634830465
1634830580
1634830696
1634830811
1634830928
1634831048
1634831166
1634831285
1634831402
1634831519
1634831638
1634831755
1634831871
1634831990
1634832110
1634832228
1634832346
1634832462
1634832582
1634832698
1634832818
1634832937
1634833056
1634833170
1634833285
1634833405
1634833525
1634833645
1634833757
1634833873
1634833990
1634834108
1634834225
1634834339
1634834457
1634834573
1634834692
1634834810
1634834932
1634835053
1634835167
1634835287
1634835403
1634835516
1634835631
1634835749
1634835869
1634835985
1634836102
1634836217
1634836336
1634836454
1634836570
1634836687
1634836801
1634836917
1634837035
1634837152
1634837270
1634837388
1634837507
1634837625
1634837740
1634837855
1634837977
1634838096
1634838217
1634838335
1634838456
1634838574
1634838692
1634838811
1634838930
1634839049
1634839166
1634839281
1634839400
1634839516
1634839634
1634839752
1634839874
1634839991
1634840109
1634840227
1634840344
1634840462
1634840583
1634840700
1634840819
1634840935
1634841052
1634841167
1634841284
1634841402
1634841521
1634841637
1634841756
1634841875
1634841996
1634842116
1634842234
1634842354
1634842471
1634842590
1634842709
1634842828
1634842946
1634843066
1634843181
1634843299
1634843416
1634843539
1634843656
1634843775
1634843893
1634844012
1634844131
1634844249
1634844364
1634844483
1634844602
1634844721
1634844840
1634844957
1634845074
1634845191
1634845312
1634845431
1634845549
1634845667
1634845786
1634845906
1634846024
1634846145
1634846262
1634846382
1634846502
1634846622
1634846745
1634846862
1634846979
1634847100
1634847217
1634847338
1634847457
1634847575
1634847693
1634847812
1634847929
1634848047
1634848168
1634848284
1634848407
1634848524
1634848643
1634848761
1634848883
1634849002
1634849117
1634849237
1634849355
1634849471
1634849590
1634849707
1634849825
1634849941
1634850063
1634850181
1634850298
1634850414
1634850530
1634850645
1634850765
1634850882
1634851001
1634851119
1634851234
1634851353
1634851469
1634851586
1634851702
1634851821
1634851939
1634852057
1634852175
1634852292
1634852410
1634852526
1634852643
1634852761
1634852879
1634852999
1634853118
1634853236
1634853353
1634853468
1634853583
1634853701
1634853819
1634853936
1634854052
1634854171
1634854286
1634854401
1634854516
1634854635
1634854756
1634854874
1634854992
1634855110
1634855228
1634855344
1634855462
1634855577
1634855694
1634855814
1634855933
1634856052
1634856169
1634856284
1634856399
1634856519
1634856641
1634856758
1634856874
1634856991
1634857111
1634857231
1634857349
1634857465
1634857582
1634857699
1634857820
1634857937
1634858053
1634858170
1634858288
1634858406
1634858522
1634858639
1634858758
1634858877
1634858994
1634859112
1634859230
1634859346
1634859462
1634859581
1634859701
1634859819
1634859937
1634860056
1634860177
1634860297
1634860413
1634860532
1634860651
1634860770
1634860885
1634861005
1634861124
1634861243
1634861360
1634861478
1634861595
1634861712
1634861828
1634861946
1634862067
1634862183
1634862300
1634862421
1634862538
1634862657
1634862774
1634862892
1634863011
1634863127
1634863246
1634863365
1634863484
1634863600
1634863720
1634863838
1634863956
1634864079
1634864198
1634864316
1634864434
1634864550
1634864668
1634864787
1634864903
1634865022
1634865140
1634865260
1634865379
1634865497
1634865617
1634865733
1634865854
1634865971
1634866090
1634866207
1634866324
1634866438
1634866556
1634866675
1634866794
1634866912
1634867030
1634867149
1634867267
1634867382
1634867499
1634867617
1634867738
1634867857
1634867975
1634868091
1634868210
1634868329
1634868446
1634868564
1634868680
1634868795
1634868910
1634869026
1634869145
1634869264
1634869380
1634869495
1634869612
1634869732
1634869853
1634869969
1634870086
1634870205
1634870322
1634870440
1634870556
1634870673
1634870792
1634870907
1634871023
1634871138
1634871256
1634871373
1634871489
1634871607
1634871727
1634871845
1634871967
1634872084
1634872203
1634872321
1634872441
1634872558
1634872677
1634872793
1634872915
1634873033
1634873151
1634873270
1634873392
1634873509
1634873628
1634873744
1634873860
1634873980
1634874099
1634874219
1634874336
1634874453
1634874569
1634874686
1634874805
1634874923
1634875040
1634875160
